<?xml version="1.0" encoding="UTF-8"?>
<testsuite xmlns:xsi="http://www.w3.org/2001/XMLSchema-instance" xsi:noNamespaceSchemaLocation="https://maven.apache.org/surefire/maven-surefire-plugin/xsd/surefire-test-report-3.0.xsd" version="3.0" name="unlp.info.bd2.ToursApplicationTests" time="5.622" tests="11" errors="1" skipped="0" failures="4">
  <properties>
[...]
</properties>
  <testcase name="addReviewToPurchaseTest" classname="unlp.info.bd2.ToursApplicationTests" time="0.861">
    <system-out><![CDATA[19:57:45.891 [main] INFO org.hibernate.Version -- HHH000412: Hibernate ORM core version 6.4.3.Final
19:57:45.949 [main] INFO org.hibernate.cache.internal.RegionFactoryInitiator -- HHH000026: Second-level cache disabled
19:57:46.355 [main] WARN org.hibernate.orm.deprecation -- HHH90000025: MySQLDialect does not need to be specified explicitly using 'hibernate.dialect' (remove the property setting and it will be selected by default)
19:57:47.646 [main] INFO org.hibernate.engine.transaction.jta.platform.internal.JtaPlatformInitiator -- HHH000489: No JTA platform available (set 'hibernate.transaction.jta.platform' to enable JTA platform integration)
Hibernate: 
    alter table ItemService 
       drop 
       foreign key FKhrqcflbyp4wbuxinlxlvyw8k9
Hibernate: 
    alter table ItemService 
       drop 
       foreign key FK9qy0l54bu71fed4qcr5w2a6jj
Hibernate: 
    alter table Purchase 
       drop 
       foreign key FKmegulceyii61cx6yvqjk2arme
Hibernate: 
    alter table Purchase 
       drop 
       foreign key FKc5pxmo7k6amr75sc6lb8cs46e
Hibernate: 
    alter table Review 
       drop 
       foreign key FKllu3c5acfdsewb2fg2s1e0dfd
Hibernate: 
    alter table ROUTE_DRIVER 
       drop 
       foreign key FKgxep2imwahcgo9pnmbw29tth0
Hibernate: 
    alter table ROUTE_DRIVER 
       drop 
       foreign key FKs59demmwobdkqhs3nuppxjlts
Hibernate: 
    alter table ROUTE_STOP 
       drop 
       foreign key FKcb1tsdgheqnb3yg8w5l4j5w0i
Hibernate: 
    alter table ROUTE_STOP 
       drop 
       foreign key FKtrx7hkrwe87csvam9k7a3s7yq
Hibernate: 
    alter table ROUTE_TOUR_GUIDE 
       drop 
       foreign key FKwv5b4i869cve3k41dnb03dda
Hibernate: 
    alter table ROUTE_TOUR_GUIDE 
       drop 
       foreign key FK85bitxyjimyd24y39p0vxna2c
Hibernate: 
    alter table Service 
       drop 
       foreign key FK7r8rfu8lnotaryukymhmmt4x2
Hibernate: 
    drop table if exists ItemService
Hibernate: 
    drop table if exists Purchase
Hibernate: 
    drop table if exists Review
Hibernate: 
    drop table if exists Route
Hibernate: 
    drop table if exists ROUTE_DRIVER
Hibernate: 
    drop table if exists ROUTE_STOP
Hibernate: 
    drop table if exists ROUTE_TOUR_GUIDE
Hibernate: 
    drop table if exists Service
Hibernate: 
    drop table if exists Stop
Hibernate: 
    drop table if exists Supplier
Hibernate: 
    drop table if exists users
Hibernate: 
    create table ItemService (
        QUANTITY integer not null,
        PURCHASE_ID bigint,
        id bigint not null auto_increment,
        service_id bigint,
        primary key (id)
    ) engine=InnoDB
Hibernate: 
    create table Purchase (
        TOTAL_PRICE float(23) not null,
        DATE datetime(6),
        id bigint not null auto_increment,
        route_id bigint not null,
        user_id bigint not null,
        CODE varchar(255) not null,
        primary key (id)
    ) engine=InnoDB
Hibernate: 
    create table Review (
        RATING integer not null,
        id bigint not null auto_increment,
        purchase_id bigint not null,
        COMMENT varchar(255) not null,
        primary key (id)
    ) engine=InnoDB
Hibernate: 
    create table Route (
        MAX_NUMBER_USERS integer not null,
        PRICE float(23) not null,
        TOTAL_KM float(23),
        id bigint not null auto_increment,
        NAME varchar(255) not null,
        primary key (id)
    ) engine=InnoDB
Hibernate: 
    create table ROUTE_DRIVER (
        driver_id bigint not null,
        route_id bigint not null
    ) engine=InnoDB
Hibernate: 
    create table ROUTE_STOP (
        route_id bigint not null,
        stop_id bigint not null
    ) engine=InnoDB
Hibernate: 
    create table ROUTE_TOUR_GUIDE (
        route_id bigint not null,
        tour_guide_id bigint not null
    ) engine=InnoDB
Hibernate: 
    create table Service (
        PRICE float(23) not null,
        id bigint not null auto_increment,
        supplier_id bigint not null,
        NAME varchar(100) not null,
        DESCRIPTION varchar(255),
        primary key (id)
    ) engine=InnoDB
Hibernate: 
    create table Stop (
        id bigint not null auto_increment,
        DESCRIPTION varchar(255),
        NAME varchar(255),
        primary key (id)
    ) engine=InnoDB
Hibernate: 
    create table Supplier (
        id bigint not null auto_increment,
        AUTHORIZATION_NUMBER varchar(255),
        BUSINESS_NAME varchar(255),
        primary key (id)
    ) engine=InnoDB
Hibernate: 
    create table users (
        ACTIVE bit,
        BIRTHDATE datetime(6),
        id bigint not null auto_increment,
        user_type varchar(31) not null,
        EDUCATION varchar(255),
        EMAIL varchar(255),
        EXPEDIENT varchar(255),
        NAME varchar(255),
        PASSWORD varchar(255),
        PHONE_NUMBER varchar(255),
        USERNAME varchar(255),
        primary key (id)
    ) engine=InnoDB
Hibernate: 
    alter table Review 
       add constraint UK_k1hayctsk7sh28pkewme2cpwh unique (purchase_id)
Hibernate: 
    alter table Service 
       add constraint UK_2wenm5ren5hak21peadh46gwr unique (NAME)
Hibernate: 
    alter table Supplier 
       add constraint UK_97rua0w1x3ww1qjubaserwy46 unique (BUSINESS_NAME)
Hibernate: 
    alter table users 
       add constraint UK_9vhgg9up1h7iho1g8i3957jgo unique (USERNAME)
Hibernate: 
    alter table ItemService 
       add constraint FKhrqcflbyp4wbuxinlxlvyw8k9 
       foreign key (PURCHASE_ID) 
       references Purchase (id)
Hibernate: 
    alter table ItemService 
       add constraint FK9qy0l54bu71fed4qcr5w2a6jj 
       foreign key (service_id) 
       references Service (id)
Hibernate: 
    alter table Purchase 
       add constraint FKmegulceyii61cx6yvqjk2arme 
       foreign key (route_id) 
       references Route (id)
Hibernate: 
    alter table Purchase 
       add constraint FKc5pxmo7k6amr75sc6lb8cs46e 
       foreign key (user_id) 
       references users (id)
Hibernate: 
    alter table Review 
       add constraint FKllu3c5acfdsewb2fg2s1e0dfd 
       foreign key (purchase_id) 
       references Purchase (id)
Hibernate: 
    alter table ROUTE_DRIVER 
       add constraint FKgxep2imwahcgo9pnmbw29tth0 
       foreign key (driver_id) 
       references users (id)
Hibernate: 
    alter table ROUTE_DRIVER 
       add constraint FKs59demmwobdkqhs3nuppxjlts 
       foreign key (route_id) 
       references Route (id)
Hibernate: 
    alter table ROUTE_STOP 
       add constraint FKcb1tsdgheqnb3yg8w5l4j5w0i 
       foreign key (stop_id) 
       references Stop (id)
Hibernate: 
    alter table ROUTE_STOP 
       add constraint FKtrx7hkrwe87csvam9k7a3s7yq 
       foreign key (route_id) 
       references Route (id)
Hibernate: 
    alter table ROUTE_TOUR_GUIDE 
       add constraint FKwv5b4i869cve3k41dnb03dda 
       foreign key (tour_guide_id) 
       references users (id)
Hibernate: 
    alter table ROUTE_TOUR_GUIDE 
       add constraint FK85bitxyjimyd24y39p0vxna2c 
       foreign key (route_id) 
       references Route (id)
Hibernate: 
    alter table Service 
       add constraint FK7r8rfu8lnotaryukymhmmt4x2 
       foreign key (supplier_id) 
       references Supplier (id)
Hibernate: 
    select
        u1_0.id,
        u1_0.user_type,
        u1_0.ACTIVE,
        u1_0.BIRTHDATE,
        u1_0.EMAIL,
        u1_0.NAME,
        u1_0.PASSWORD,
        u1_0.PHONE_NUMBER,
        u1_0.USERNAME,
        u1_0.EXPEDIENT,
        u1_0.EDUCATION 
    from
        users u1_0 
    where
        u1_0.USERNAME=?
Hibernate: 
    insert 
    into
        users
        (ACTIVE, BIRTHDATE, EMAIL, NAME, PASSWORD, PHONE_NUMBER, USERNAME, user_type) 
    values
        (?, ?, ?, ?, ?, ?, ?, 'USER')
Hibernate: 
    insert 
    into
        Stop
        (DESCRIPTION, NAME) 
    values
        (?, ?)
Hibernate: 
    insert 
    into
        Stop
        (DESCRIPTION, NAME) 
    values
        (?, ?)
Hibernate: 
    insert 
    into
        Stop
        (DESCRIPTION, NAME) 
    values
        (?, ?)
Hibernate: 
    insert 
    into
        Route
        (MAX_NUMBER_USERS, NAME, PRICE, TOTAL_KM) 
    values
        (?, ?, ?, ?)
Hibernate: 
    insert 
    into
        Purchase
        (CODE, DATE, route_id, TOTAL_PRICE, user_id) 
    values
        (?, ?, ?, ?, ?)
Hibernate: 
    insert 
    into
        Review
        (COMMENT, purchase_id, RATING) 
    values
        (?, ?, ?)
Hibernate: 
    insert 
    into
        ROUTE_STOP
        (route_id, stop_id) 
    values
        (?, ?)
Hibernate: 
    insert 
    into
        ROUTE_STOP
        (route_id, stop_id) 
    values
        (?, ?)
Hibernate: 
    insert 
    into
        ROUTE_STOP
        (route_id, stop_id) 
    values
        (?, ?)
Hibernate: 
    select
        p1_0.id,
        p1_0.CODE,
        p1_0.DATE,
        p1_0.route_id,
        p1_0.TOTAL_PRICE,
        p1_0.user_id 
    from
        Purchase p1_0 
    where
        p1_0.CODE=?
]]></system-out>
    <system-err><![CDATA[Loading class `com.mysql.jdbc.Driver'. This is deprecated. The new driver class is `com.mysql.cj.jdbc.Driver'. The driver is automatically registered via the SPI and manual loading of the driver class is generally unnecessary.
WARNING: A Java agent has been loaded dynamically (C:\Users\LENOVO\.m2\repository\net\bytebuddy\byte-buddy-agent\1.14.12\byte-buddy-agent-1.14.12.jar)
WARNING: If a serviceability tool is in use, please run with -XX:+EnableDynamicAgentLoading to hide this warning
WARNING: If a serviceability tool is not in use, please run with -Djdk.instrument.traceUsage for more information
WARNING: Dynamic loading of agents will be disallowed by default in a future release
]]></system-err>
  </testcase>
  <testcase name="createAndGetUserTest" classname="unlp.info.bd2.ToursApplicationTests" time="0.027">
    <system-out><![CDATA[Hibernate: 
    select
        u1_0.id,
        u1_0.user_type,
        u1_0.ACTIVE,
        u1_0.BIRTHDATE,
        u1_0.EMAIL,
        u1_0.NAME,
        u1_0.PASSWORD,
        u1_0.PHONE_NUMBER,
        u1_0.USERNAME,
        u1_0.EXPEDIENT,
        u1_0.EDUCATION 
    from
        users u1_0 
    where
        u1_0.USERNAME=?
Hibernate: 
    insert 
    into
        users
        (ACTIVE, BIRTHDATE, EMAIL, NAME, PASSWORD, PHONE_NUMBER, USERNAME, user_type) 
    values
        (?, ?, ?, ?, ?, ?, ?, 'USER')
Hibernate: 
    insert 
    into
        users
        (ACTIVE, BIRTHDATE, EMAIL, NAME, PASSWORD, PHONE_NUMBER, USERNAME, EXPEDIENT, user_type) 
    values
        (?, ?, ?, ?, ?, ?, ?, ?, 'DRIVER')
Hibernate: 
    insert 
    into
        users
        (ACTIVE, BIRTHDATE, EMAIL, NAME, PASSWORD, PHONE_NUMBER, USERNAME, EDUCATION, user_type) 
    values
        (?, ?, ?, ?, ?, ?, ?, ?, 'GUIDE')
Hibernate: 
    select
        u1_0.id,
        u1_0.user_type,
        u1_0.ACTIVE,
        u1_0.BIRTHDATE,
        u1_0.EMAIL,
        u1_0.NAME,
        u1_0.PASSWORD,
        u1_0.PHONE_NUMBER,
        u1_0.USERNAME,
        u1_0.EXPEDIENT,
        u1_0.EDUCATION 
    from
        users u1_0 
    where
        u1_0.USERNAME=?
Hibernate: 
    select
        u1_0.id,
        u1_0.user_type,
        u1_0.ACTIVE,
        u1_0.BIRTHDATE,
        u1_0.EMAIL,
        u1_0.NAME,
        u1_0.PASSWORD,
        u1_0.PHONE_NUMBER,
        u1_0.USERNAME,
        u1_0.EXPEDIENT,
        u1_0.EDUCATION 
    from
        users u1_0 
    where
        u1_0.USERNAME=?
]]></system-out>
  </testcase>
  <testcase name="assignWorkersToRoutesTest" classname="unlp.info.bd2.ToursApplicationTests" time="0.037">
    <system-out><![CDATA[Hibernate: 
    insert 
    into
        Stop
        (DESCRIPTION, NAME) 
    values
        (?, ?)
Hibernate: 
    insert 
    into
        Stop
        (DESCRIPTION, NAME) 
    values
        (?, ?)
Hibernate: 
    insert 
    into
        Stop
        (DESCRIPTION, NAME) 
    values
        (?, ?)
Hibernate: 
    insert 
    into
        Route
        (MAX_NUMBER_USERS, NAME, PRICE, TOTAL_KM) 
    values
        (?, ?, ?, ?)
Hibernate: 
    insert 
    into
        users
        (ACTIVE, BIRTHDATE, EMAIL, NAME, PASSWORD, PHONE_NUMBER, USERNAME, EXPEDIENT, user_type) 
    values
        (?, ?, ?, ?, ?, ?, ?, ?, 'DRIVER')
Hibernate: 
    insert 
    into
        users
        (ACTIVE, BIRTHDATE, EMAIL, NAME, PASSWORD, PHONE_NUMBER, USERNAME, EXPEDIENT, user_type) 
    values
        (?, ?, ?, ?, ?, ?, ?, ?, 'DRIVER')
Hibernate: 
    insert 
    into
        users
        (ACTIVE, BIRTHDATE, EMAIL, NAME, PASSWORD, PHONE_NUMBER, USERNAME, EDUCATION, user_type) 
    values
        (?, ?, ?, ?, ?, ?, ?, ?, 'GUIDE')
Hibernate: 
    select
        u1_0.id,
        u1_0.user_type,
        u1_0.ACTIVE,
        u1_0.BIRTHDATE,
        u1_0.EMAIL,
        u1_0.NAME,
        u1_0.PASSWORD,
        u1_0.PHONE_NUMBER,
        u1_0.USERNAME,
        u1_0.EXPEDIENT,
        u1_0.EDUCATION 
    from
        users u1_0 
    where
        u1_0.USERNAME=?
Hibernate: 
    select
        u1_0.id,
        u1_0.user_type,
        u1_0.ACTIVE,
        u1_0.BIRTHDATE,
        u1_0.EMAIL,
        u1_0.NAME,
        u1_0.PASSWORD,
        u1_0.PHONE_NUMBER,
        u1_0.USERNAME,
        u1_0.EXPEDIENT,
        u1_0.EDUCATION 
    from
        users u1_0 
    where
        u1_0.USERNAME=?
Hibernate: 
    select
        u1_0.id,
        u1_0.user_type,
        u1_0.ACTIVE,
        u1_0.BIRTHDATE,
        u1_0.EMAIL,
        u1_0.NAME,
        u1_0.PASSWORD,
        u1_0.PHONE_NUMBER,
        u1_0.USERNAME,
        u1_0.EXPEDIENT,
        u1_0.EDUCATION 
    from
        users u1_0 
    where
        u1_0.USERNAME=?
Hibernate: 
    select
        u1_0.id,
        u1_0.user_type,
        u1_0.ACTIVE,
        u1_0.BIRTHDATE,
        u1_0.EMAIL,
        u1_0.NAME,
        u1_0.PASSWORD,
        u1_0.PHONE_NUMBER,
        u1_0.USERNAME,
        u1_0.EXPEDIENT,
        u1_0.EDUCATION 
    from
        users u1_0 
    where
        u1_0.USERNAME=?
Hibernate: 
    select
        u1_0.id,
        u1_0.user_type,
        u1_0.ACTIVE,
        u1_0.BIRTHDATE,
        u1_0.EMAIL,
        u1_0.NAME,
        u1_0.PASSWORD,
        u1_0.PHONE_NUMBER,
        u1_0.USERNAME,
        u1_0.EXPEDIENT,
        u1_0.EDUCATION 
    from
        users u1_0 
    where
        u1_0.USERNAME=?
Hibernate: 
    select
        r1_0.id,
        r1_0.MAX_NUMBER_USERS,
        r1_0.NAME,
        r1_0.PRICE,
        r1_0.TOTAL_KM,
        s1_0.route_id,
        s1_1.id,
        s1_1.DESCRIPTION,
        s1_1.NAME 
    from
        Route r1_0 
    left join
        ROUTE_STOP s1_0 
            on r1_0.id=s1_0.route_id 
    left join
        Stop s1_1 
            on s1_1.id=s1_0.stop_id 
    where
        r1_0.id=?
]]></system-out>
  </testcase>
  <testcase name="createAndGetPurchaseTest" classname="unlp.info.bd2.ToursApplicationTests" time="0.086">
    <failure message="expected: not &lt;null&gt;" type="org.opentest4j.AssertionFailedError"><![CDATA[org.opentest4j.AssertionFailedError: expected: not <null>
	at org.junit.jupiter.api.AssertionFailureBuilder.build(AssertionFailureBuilder.java:152)
	at org.junit.jupiter.api.AssertionFailureBuilder.buildAndThrow(AssertionFailureBuilder.java:132)
	at org.junit.jupiter.api.AssertNotNull.failNull(AssertNotNull.java:49)
	at org.junit.jupiter.api.AssertNotNull.assertNotNull(AssertNotNull.java:35)
	at org.junit.jupiter.api.AssertNotNull.assertNotNull(AssertNotNull.java:30)
	at org.junit.jupiter.api.Assertions.assertNotNull(Assertions.java:304)
	at unlp.info.bd2.ToursApplicationTests.createAndGetPurchaseTest(ToursApplicationTests.java:234)
	at java.base/java.lang.reflect.Method.invoke(Method.java:565)
	at java.base/java.util.ArrayList.forEach(ArrayList.java:1612)
	at java.base/java.util.ArrayList.forEach(ArrayList.java:1612)
]]></failure>
    <system-out><![CDATA[Hibernate: 
    select
        u1_0.id,
        u1_0.user_type,
        u1_0.ACTIVE,
        u1_0.BIRTHDATE,
        u1_0.EMAIL,
        u1_0.NAME,
        u1_0.PASSWORD,
        u1_0.PHONE_NUMBER,
        u1_0.USERNAME,
        u1_0.EXPEDIENT,
        u1_0.EDUCATION 
    from
        users u1_0 
    where
        u1_0.USERNAME=?
Hibernate: 
    insert 
    into
        users
        (ACTIVE, BIRTHDATE, EMAIL, NAME, PASSWORD, PHONE_NUMBER, USERNAME, user_type) 
    values
        (?, ?, ?, ?, ?, ?, ?, 'USER')
Hibernate: 
    insert 
    into
        Stop
        (DESCRIPTION, NAME) 
    values
        (?, ?)
Hibernate: 
    insert 
    into
        Stop
        (DESCRIPTION, NAME) 
    values
        (?, ?)
Hibernate: 
    insert 
    into
        Stop
        (DESCRIPTION, NAME) 
    values
        (?, ?)
Hibernate: 
    insert 
    into
        Route
        (MAX_NUMBER_USERS, NAME, PRICE, TOTAL_KM) 
    values
        (?, ?, ?, ?)
Hibernate: 
    insert 
    into
        Supplier
        (AUTHORIZATION_NUMBER, BUSINESS_NAME) 
    values
        (?, ?)
Hibernate: 
    insert 
    into
        Supplier
        (AUTHORIZATION_NUMBER, BUSINESS_NAME) 
    values
        (?, ?)
Hibernate: 
    insert 
    into
        ROUTE_STOP
        (route_id, stop_id) 
    values
        (?, ?)
Hibernate: 
    insert 
    into
        ROUTE_STOP
        (route_id, stop_id) 
    values
        (?, ?)
Hibernate: 
    insert 
    into
        ROUTE_STOP
        (route_id, stop_id) 
    values
        (?, ?)
Hibernate: 
    select
        s1_0.id,
        s1_0.DESCRIPTION,
        s1_0.NAME,
        s1_0.PRICE,
        s1_0.supplier_id 
    from
        Service s1_0 
    where
        s1_0.NAME=? 
        and s1_0.supplier_id=?
Hibernate: 
    insert 
    into
        Service
        (DESCRIPTION, NAME, PRICE, supplier_id) 
    values
        (?, ?, ?, ?)
Hibernate: 
    select
        s1_0.id,
        s1_0.DESCRIPTION,
        s1_0.NAME,
        s1_0.PRICE,
        s1_0.supplier_id 
    from
        Service s1_0 
    where
        s1_0.NAME=? 
        and s1_0.supplier_id=?
Hibernate: 
    insert 
    into
        Service
        (DESCRIPTION, NAME, PRICE, supplier_id) 
    values
        (?, ?, ?, ?)
Hibernate: 
    insert 
    into
        Purchase
        (CODE, DATE, route_id, TOTAL_PRICE, user_id) 
    values
        (?, ?, ?, ?, ?)
]]></system-out>
  </testcase>
  <testcase name="removePurchaseAndItems" classname="unlp.info.bd2.ToursApplicationTests" time="0.035">
    <failure message="expected: &lt;1&gt; but was: &lt;0&gt;" type="org.opentest4j.AssertionFailedError"><![CDATA[org.opentest4j.AssertionFailedError: expected: <1> but was: <0>
	at org.junit.jupiter.api.AssertionFailureBuilder.build(AssertionFailureBuilder.java:151)
	at org.junit.jupiter.api.AssertionFailureBuilder.buildAndThrow(AssertionFailureBuilder.java:132)
	at org.junit.jupiter.api.AssertEquals.failNotEqual(AssertEquals.java:197)
	at org.junit.jupiter.api.AssertEquals.assertEquals(AssertEquals.java:150)
	at org.junit.jupiter.api.AssertEquals.assertEquals(AssertEquals.java:145)
	at org.junit.jupiter.api.Assertions.assertEquals(Assertions.java:531)
	at unlp.info.bd2.ToursApplicationTests.removePurchaseAndItems(ToursApplicationTests.java:267)
	at java.base/java.lang.reflect.Method.invoke(Method.java:565)
	at java.base/java.util.ArrayList.forEach(ArrayList.java:1612)
	at java.base/java.util.ArrayList.forEach(ArrayList.java:1612)
]]></failure>
    <system-out><![CDATA[Hibernate: 
    select
        u1_0.id,
        u1_0.user_type,
        u1_0.ACTIVE,
        u1_0.BIRTHDATE,
        u1_0.EMAIL,
        u1_0.NAME,
        u1_0.PASSWORD,
        u1_0.PHONE_NUMBER,
        u1_0.USERNAME,
        u1_0.EXPEDIENT,
        u1_0.EDUCATION 
    from
        users u1_0 
    where
        u1_0.USERNAME=?
Hibernate: 
    insert 
    into
        users
        (ACTIVE, BIRTHDATE, EMAIL, NAME, PASSWORD, PHONE_NUMBER, USERNAME, user_type) 
    values
        (?, ?, ?, ?, ?, ?, ?, 'USER')
Hibernate: 
    insert 
    into
        Stop
        (DESCRIPTION, NAME) 
    values
        (?, ?)
Hibernate: 
    insert 
    into
        Stop
        (DESCRIPTION, NAME) 
    values
        (?, ?)
Hibernate: 
    insert 
    into
        Stop
        (DESCRIPTION, NAME) 
    values
        (?, ?)
Hibernate: 
    insert 
    into
        Route
        (MAX_NUMBER_USERS, NAME, PRICE, TOTAL_KM) 
    values
        (?, ?, ?, ?)
Hibernate: 
    insert 
    into
        Supplier
        (AUTHORIZATION_NUMBER, BUSINESS_NAME) 
    values
        (?, ?)
Hibernate: 
    insert 
    into
        ROUTE_STOP
        (route_id, stop_id) 
    values
        (?, ?)
Hibernate: 
    insert 
    into
        ROUTE_STOP
        (route_id, stop_id) 
    values
        (?, ?)
Hibernate: 
    insert 
    into
        ROUTE_STOP
        (route_id, stop_id) 
    values
        (?, ?)
Hibernate: 
    select
        s1_0.id,
        s1_0.DESCRIPTION,
        s1_0.NAME,
        s1_0.PRICE,
        s1_0.supplier_id 
    from
        Service s1_0 
    where
        s1_0.NAME=? 
        and s1_0.supplier_id=?
Hibernate: 
    insert 
    into
        Service
        (DESCRIPTION, NAME, PRICE, supplier_id) 
    values
        (?, ?, ?, ?)
Hibernate: 
    select
        s1_0.id,
        s1_0.DESCRIPTION,
        s1_0.NAME,
        s1_0.PRICE,
        s1_0.supplier_id 
    from
        Service s1_0 
    where
        s1_0.NAME=? 
        and s1_0.supplier_id=?
Hibernate: 
    insert 
    into
        Service
        (DESCRIPTION, NAME, PRICE, supplier_id) 
    values
        (?, ?, ?, ?)
Hibernate: 
    insert 
    into
        Purchase
        (CODE, DATE, route_id, TOTAL_PRICE, user_id) 
    values
        (?, ?, ?, ?, ?)
]]></system-out>
  </testcase>
  <testcase name="createAndGetRoutesAndStopsTest" classname="unlp.info.bd2.ToursApplicationTests" time="0.044">
    <system-out><![CDATA[Hibernate: 
    insert 
    into
        Stop
        (DESCRIPTION, NAME) 
    values
        (?, ?)
Hibernate: 
    insert 
    into
        Stop
        (DESCRIPTION, NAME) 
    values
        (?, ?)
Hibernate: 
    insert 
    into
        Stop
        (DESCRIPTION, NAME) 
    values
        (?, ?)
Hibernate: 
    select
        s1_0.id,
        s1_0.DESCRIPTION,
        s1_0.NAME 
    from
        Stop s1_0 
    where
        s1_0.NAME like ? escape ''
Hibernate: 
    select
        s1_0.id,
        s1_0.DESCRIPTION,
        s1_0.NAME 
    from
        Stop s1_0 
    where
        s1_0.NAME like ? escape ''
Hibernate: 
    select
        s1_0.id,
        s1_0.DESCRIPTION,
        s1_0.NAME 
    from
        Stop s1_0 
    where
        s1_0.NAME like ? escape ''
Hibernate: 
    insert 
    into
        Route
        (MAX_NUMBER_USERS, NAME, PRICE, TOTAL_KM) 
    values
        (?, ?, ?, ?)
Hibernate: 
    insert 
    into
        Route
        (MAX_NUMBER_USERS, NAME, PRICE, TOTAL_KM) 
    values
        (?, ?, ?, ?)
Hibernate: 
    select
        r1_0.id,
        r1_0.MAX_NUMBER_USERS,
        r1_0.NAME,
        r1_0.PRICE,
        r1_0.TOTAL_KM 
    from
        Route r1_0 
    where
        r1_0.PRICE<?
Hibernate: 
    select
        r1_0.id,
        r1_0.MAX_NUMBER_USERS,
        r1_0.NAME,
        r1_0.PRICE,
        r1_0.TOTAL_KM 
    from
        Route r1_0 
    where
        r1_0.PRICE<?
]]></system-out>
  </testcase>
  <testcase name="createAndGetSupplierAndService" classname="unlp.info.bd2.ToursApplicationTests" time="0.018">
    <error message="Index 0 out of bounds for length 0" type="java.lang.IndexOutOfBoundsException"><![CDATA[java.lang.IndexOutOfBoundsException: Index 0 out of bounds for length 0
	at java.base/jdk.internal.util.Preconditions.outOfBounds(Preconditions.java:100)
	at java.base/jdk.internal.util.Preconditions.outOfBoundsCheckIndex(Preconditions.java:106)
	at java.base/jdk.internal.util.Preconditions.checkIndex(Preconditions.java:302)
	at java.base/java.util.Objects.checkIndex(Objects.java:365)
	at java.base/java.util.ArrayList.get(ArrayList.java:428)
	at org.hibernate.collection.spi.PersistentBag.get(PersistentBag.java:537)
	at unlp.info.bd2.ToursApplicationTests.createAndGetSupplierAndService(ToursApplicationTests.java:178)
	at java.base/java.lang.reflect.Method.invoke(Method.java:565)
	at java.base/java.util.ArrayList.forEach(ArrayList.java:1612)
	at java.base/java.util.ArrayList.forEach(ArrayList.java:1612)
]]></error>
    <system-out><![CDATA[Hibernate: 
    insert 
    into
        Supplier
        (AUTHORIZATION_NUMBER, BUSINESS_NAME) 
    values
        (?, ?)
Hibernate: 
    select
        s1_0.id,
        s1_0.DESCRIPTION,
        s1_0.NAME,
        s1_0.PRICE,
        s1_0.supplier_id 
    from
        Service s1_0 
    where
        s1_0.NAME=? 
        and s1_0.supplier_id=?
Hibernate: 
    insert 
    into
        Service
        (DESCRIPTION, NAME, PRICE, supplier_id) 
    values
        (?, ?, ?, ?)
]]></system-out>
  </testcase>
  <testcase name="updateUserTest" classname="unlp.info.bd2.ToursApplicationTests" time="0.113">
    <failure message="expected: &lt;true&gt; but was: &lt;false&gt;" type="org.opentest4j.AssertionFailedError"><![CDATA[org.opentest4j.AssertionFailedError: expected: <true> but was: <false>
	at org.junit.jupiter.api.AssertionFailureBuilder.build(AssertionFailureBuilder.java:151)
	at org.junit.jupiter.api.AssertionFailureBuilder.buildAndThrow(AssertionFailureBuilder.java:132)
	at org.junit.jupiter.api.AssertTrue.failNotTrue(AssertTrue.java:63)
	at org.junit.jupiter.api.AssertTrue.assertTrue(AssertTrue.java:36)
	at org.junit.jupiter.api.AssertTrue.assertTrue(AssertTrue.java:31)
	at org.junit.jupiter.api.Assertions.assertTrue(Assertions.java:183)
	at unlp.info.bd2.ToursApplicationTests.updateUserTest(ToursApplicationTests.java:103)
	at java.base/java.lang.reflect.Method.invoke(Method.java:565)
	at java.base/java.util.ArrayList.forEach(ArrayList.java:1612)
	at java.base/java.util.ArrayList.forEach(ArrayList.java:1612)
]]></failure>
    <system-out><![CDATA[Hibernate: 
    select
        u1_0.id,
        u1_0.user_type,
        u1_0.ACTIVE,
        u1_0.BIRTHDATE,
        u1_0.EMAIL,
        u1_0.NAME,
        u1_0.PASSWORD,
        u1_0.PHONE_NUMBER,
        u1_0.USERNAME,
        u1_0.EXPEDIENT,
        u1_0.EDUCATION 
    from
        users u1_0 
    where
        u1_0.USERNAME=?
Hibernate: 
    insert 
    into
        users
        (ACTIVE, BIRTHDATE, EMAIL, NAME, PASSWORD, PHONE_NUMBER, USERNAME, user_type) 
    values
        (?, ?, ?, ?, ?, ?, ?, 'USER')
Hibernate: 
    insert 
    into
        users
        (ACTIVE, BIRTHDATE, EMAIL, NAME, PASSWORD, PHONE_NUMBER, USERNAME, EXPEDIENT, user_type) 
    values
        (?, ?, ?, ?, ?, ?, ?, ?, 'DRIVER')
Hibernate: 
    update
        users 
    set
        ACTIVE=?,
        BIRTHDATE=?,
        EMAIL=?,
        NAME=?,
        PASSWORD=?,
        PHONE_NUMBER=?,
        USERNAME=? 
    where
        id=?
Hibernate: 
    select
        count(u1_0.id) 
    from
        users u1_0 
    where
        u1_0.id=?
Hibernate: 
    update
        users 
    set
        ACTIVE=?,
        BIRTHDATE=?,
        EMAIL=?,
        NAME=?,
        PASSWORD=?,
        PHONE_NUMBER=?,
        USERNAME=?,
        EXPEDIENT=? 
    where
        id=?
Hibernate: 
    select
        count(u1_0.id) 
    from
        users u1_0 
    where
        u1_0.id=?
Hibernate: 
    update
        users 
    set
        ACTIVE=?,
        BIRTHDATE=?,
        EMAIL=?,
        NAME=?,
        PASSWORD=?,
        PHONE_NUMBER=?,
        USERNAME=? 
    where
        id=?
Hibernate: 
    select
        count(u1_0.id) 
    from
        users u1_0 
    where
        u1_0.id=?
Hibernate: 
    select
        u1_0.id,
        u1_0.user_type,
        u1_0.ACTIVE,
        u1_0.BIRTHDATE,
        u1_0.EMAIL,
        u1_0.NAME,
        u1_0.PASSWORD,
        u1_0.PHONE_NUMBER,
        u1_0.USERNAME,
        u1_0.EXPEDIENT,
        u1_0.EDUCATION 
    from
        users u1_0 
    where
        u1_0.USERNAME=?
]]></system-out>
  </testcase>
  <testcase name="deleteRouteTest" classname="unlp.info.bd2.ToursApplicationTests" time="0.04">
    <system-out><![CDATA[Hibernate: 
    insert 
    into
        Stop
        (DESCRIPTION, NAME) 
    values
        (?, ?)
Hibernate: 
    insert 
    into
        Stop
        (DESCRIPTION, NAME) 
    values
        (?, ?)
Hibernate: 
    insert 
    into
        Route
        (MAX_NUMBER_USERS, NAME, PRICE, TOTAL_KM) 
    values
        (?, ?, ?, ?)
Hibernate: 
    insert 
    into
        Route
        (MAX_NUMBER_USERS, NAME, PRICE, TOTAL_KM) 
    values
        (?, ?, ?, ?)
Hibernate: 
    select
        u1_0.id,
        u1_0.user_type,
        u1_0.ACTIVE,
        u1_0.BIRTHDATE,
        u1_0.EMAIL,
        u1_0.NAME,
        u1_0.PASSWORD,
        u1_0.PHONE_NUMBER,
        u1_0.USERNAME,
        u1_0.EXPEDIENT,
        u1_0.EDUCATION 
    from
        users u1_0 
    where
        u1_0.USERNAME=?
Hibernate: 
    insert 
    into
        users
        (ACTIVE, BIRTHDATE, EMAIL, NAME, PASSWORD, PHONE_NUMBER, USERNAME, user_type) 
    values
        (?, ?, ?, ?, ?, ?, ?, 'USER')
Hibernate: 
    insert 
    into
        Purchase
        (CODE, DATE, route_id, TOTAL_PRICE, user_id) 
    values
        (?, ?, ?, ?, ?)
Hibernate: 
    insert 
    into
        ROUTE_STOP
        (route_id, stop_id) 
    values
        (?, ?)
Hibernate: 
    insert 
    into
        ROUTE_STOP
        (route_id, stop_id) 
    values
        (?, ?)
Hibernate: 
    insert 
    into
        ROUTE_STOP
        (route_id, stop_id) 
    values
        (?, ?)
Hibernate: 
    insert 
    into
        ROUTE_STOP
        (route_id, stop_id) 
    values
        (?, ?)
Hibernate: 
    select
        count(p1_0.id) 
    from
        Purchase p1_0 
    where
        p1_0.route_id=?
Hibernate: 
    select
        count(p1_0.id) 
    from
        Purchase p1_0 
    where
        p1_0.route_id=?
]]></system-out>
  </testcase>
  <testcase name="deleteUserTest" classname="unlp.info.bd2.ToursApplicationTests" time="0.016">
    <failure message="expected: &lt;true&gt; but was: &lt;false&gt;" type="org.opentest4j.AssertionFailedError"><![CDATA[org.opentest4j.AssertionFailedError: expected: <true> but was: <false>
	at org.junit.jupiter.api.AssertionFailureBuilder.build(AssertionFailureBuilder.java:151)
	at org.junit.jupiter.api.AssertionFailureBuilder.buildAndThrow(AssertionFailureBuilder.java:132)
	at org.junit.jupiter.api.AssertTrue.failNotTrue(AssertTrue.java:63)
	at org.junit.jupiter.api.AssertTrue.assertTrue(AssertTrue.java:36)
	at org.junit.jupiter.api.AssertTrue.assertTrue(AssertTrue.java:31)
	at org.junit.jupiter.api.Assertions.assertTrue(Assertions.java:183)
	at unlp.info.bd2.ToursApplicationTests.deleteUserTest(ToursApplicationTests.java:315)
	at java.base/java.lang.reflect.Method.invoke(Method.java:565)
	at java.base/java.util.ArrayList.forEach(ArrayList.java:1612)
	at java.base/java.util.ArrayList.forEach(ArrayList.java:1612)
]]></failure>
    <system-out><![CDATA[Hibernate: 
    select
        u1_0.id,
        u1_0.user_type,
        u1_0.ACTIVE,
        u1_0.BIRTHDATE,
        u1_0.EMAIL,
        u1_0.NAME,
        u1_0.PASSWORD,
        u1_0.PHONE_NUMBER,
        u1_0.USERNAME,
        u1_0.EXPEDIENT,
        u1_0.EDUCATION 
    from
        users u1_0 
    where
        u1_0.USERNAME=?
Hibernate: 
    insert 
    into
        users
        (ACTIVE, BIRTHDATE, EMAIL, NAME, PASSWORD, PHONE_NUMBER, USERNAME, user_type) 
    values
        (?, ?, ?, ?, ?, ?, ?, 'USER')
]]></system-out>
  </testcase>
  <testcase name="updateServicePriceTest" classname="unlp.info.bd2.ToursApplicationTests" time="0.022">
    <system-out><![CDATA[Hibernate: 
    insert 
    into
        Supplier
        (AUTHORIZATION_NUMBER, BUSINESS_NAME) 
    values
        (?, ?)
Hibernate: 
    select
        s1_0.id,
        s1_0.DESCRIPTION,
        s1_0.NAME,
        s1_0.PRICE,
        s1_0.supplier_id 
    from
        Service s1_0 
    where
        s1_0.NAME=? 
        and s1_0.supplier_id=?
Hibernate: 
    insert 
    into
        Service
        (DESCRIPTION, NAME, PRICE, supplier_id) 
    values
        (?, ?, ?, ?)
Hibernate: 
    select
        s1_0.id,
        s1_0.DESCRIPTION,
        s1_0.NAME,
        s1_0.PRICE,
        s1_0.supplier_id 
    from
        Service s1_0 
    where
        s1_0.id=?
]]></system-out>
  </testcase>
</testsuite>