<?xml version="1.0" encoding="UTF-8"?>
<testsuite xmlns:xsi="http://www.w3.org/2001/XMLSchema-instance" xsi:noNamespaceSchemaLocation="https://maven.apache.org/surefire/maven-surefire-plugin/xsd/surefire-test-report-3.0.xsd" version="3.0" name="unlp.info.bd2.ToursQuerysTests" time="2.104" tests="11" errors="0" skipped="0" failures="0">
  <properties>
[...]
</properties>
  <testcase name="getRoutsNotSellTest" classname="unlp.info.bd2.ToursQuerysTests" time="0.042">
    <system-out><![CDATA[20:57:16.638 [main] INFO org.hibernate.cache.internal.RegionFactoryInitiator -- HHH000026: Second-level cache disabled
20:57:16.650 [main] WARN org.hibernate.orm.deprecation -- HHH90000025: MySQLDialect does not need to be specified explicitly using 'hibernate.dialect' (remove the property setting and it will be selected by default)
20:57:16.821 [main] INFO org.hibernate.engine.transaction.jta.platform.internal.JtaPlatformInitiator -- HHH000489: No JTA platform available (set 'hibernate.transaction.jta.platform' to enable JTA platform integration)
Hibernate: 
    alter table ItemService 
       drop 
       foreign key FKhrqcflbyp4wbuxinlxlvyw8k9
Hibernate: 
    alter table ItemService 
       drop 
       foreign key FK9qy0l54bu71fed4qcr5w2a6jj
Hibernate: 
    alter table Purchase 
       drop 
       foreign key FKmegulceyii61cx6yvqjk2arme
Hibernate: 
    alter table Purchase 
       drop 
       foreign key FKc5pxmo7k6amr75sc6lb8cs46e
Hibernate: 
    alter table Review 
       drop 
       foreign key FKllu3c5acfdsewb2fg2s1e0dfd
Hibernate: 
    alter table ROUTE_DRIVER 
       drop 
       foreign key FKgxep2imwahcgo9pnmbw29tth0
Hibernate: 
    alter table ROUTE_DRIVER 
       drop 
       foreign key FKs59demmwobdkqhs3nuppxjlts
Hibernate: 
    alter table ROUTE_STOP 
       drop 
       foreign key FKcb1tsdgheqnb3yg8w5l4j5w0i
Hibernate: 
    alter table ROUTE_STOP 
       drop 
       foreign key FKtrx7hkrwe87csvam9k7a3s7yq
Hibernate: 
    alter table ROUTE_TOUR_GUIDE 
       drop 
       foreign key FKwv5b4i869cve3k41dnb03dda
Hibernate: 
    alter table ROUTE_TOUR_GUIDE 
       drop 
       foreign key FK85bitxyjimyd24y39p0vxna2c
Hibernate: 
    alter table Service 
       drop 
       foreign key FK7r8rfu8lnotaryukymhmmt4x2
Hibernate: 
    drop table if exists ItemService
Hibernate: 
    drop table if exists Purchase
Hibernate: 
    drop table if exists Review
Hibernate: 
    drop table if exists Route
Hibernate: 
    drop table if exists ROUTE_DRIVER
Hibernate: 
    drop table if exists ROUTE_STOP
Hibernate: 
    drop table if exists ROUTE_TOUR_GUIDE
Hibernate: 
    drop table if exists Service
Hibernate: 
    drop table if exists Stop
Hibernate: 
    drop table if exists Supplier
Hibernate: 
    drop table if exists users
Hibernate: 
    create table ItemService (
        QUANTITY integer not null,
        PURCHASE_ID bigint not null,
        id bigint not null auto_increment,
        service_id bigint not null,
        primary key (id)
    ) engine=InnoDB
Hibernate: 
    create table Purchase (
        TOTAL_PRICE float(23) not null,
        DATE datetime(6),
        id bigint not null auto_increment,
        route_id bigint not null,
        user_id bigint not null,
        CODE varchar(255) not null,
        primary key (id)
    ) engine=InnoDB
Hibernate: 
    create table Review (
        RATING integer not null,
        id bigint not null auto_increment,
        purchase_id bigint not null,
        COMMENT varchar(255) not null,
        primary key (id)
    ) engine=InnoDB
Hibernate: 
    create table Route (
        MAX_NUMBER_USERS integer not null,
        PRICE float(23) not null,
        TOTAL_KM float(23) not null,
        id bigint not null auto_increment,
        NAME varchar(255) not null,
        primary key (id)
    ) engine=InnoDB
Hibernate: 
    create table ROUTE_DRIVER (
        driver_id bigint not null,
        route_id bigint not null
    ) engine=InnoDB
Hibernate: 
    create table ROUTE_STOP (
        route_id bigint not null,
        stop_id bigint not null
    ) engine=InnoDB
Hibernate: 
    create table ROUTE_TOUR_GUIDE (
        route_id bigint not null,
        tour_guide_id bigint not null
    ) engine=InnoDB
Hibernate: 
    create table Service (
        PRICE float(23) not null,
        id bigint not null auto_increment,
        supplier_id bigint not null,
        NAME varchar(100) not null,
        DESCRIPTION varchar(255),
        primary key (id)
    ) engine=InnoDB
Hibernate: 
    create table Stop (
        id bigint not null auto_increment,
        DESCRIPTION varchar(255),
        NAME varchar(255) not null,
        primary key (id)
    ) engine=InnoDB
Hibernate: 
    create table Supplier (
        id bigint not null auto_increment,
        AUTHORIZATION_NUMBER varchar(255),
        BUSINESS_NAME varchar(255),
        primary key (id)
    ) engine=InnoDB
Hibernate: 
    create table users (
        ACTIVE bit not null,
        BIRTHDATE date,
        id bigint not null auto_increment,
        user_type varchar(31) not null,
        username varchar(50) not null,
        EDUCATION varchar(255),
        EMAIL varchar(255) not null,
        EXPEDIENT varchar(255),
        NAME varchar(255),
        PASSWORD varchar(255) not null,
        PHONE_NUMBER varchar(255),
        primary key (id)
    ) engine=InnoDB
Hibernate: 
    alter table Purchase 
       add constraint UK_cfo4453imdo54geubg7so01v5 unique (CODE)
Hibernate: 
    alter table Review 
       add constraint UK_k1hayctsk7sh28pkewme2cpwh unique (purchase_id)
Hibernate: 
    alter table Service 
       add constraint UK_2wenm5ren5hak21peadh46gwr unique (NAME)
Hibernate: 
    alter table Supplier 
       add constraint UK_8kk0r8j1uhjk69b0mj1vgey6d unique (AUTHORIZATION_NUMBER)
Hibernate: 
    alter table users 
       add constraint UK_r43af9ap4edm43mmtq01oddj6 unique (username)
Hibernate: 
    alter table users 
       add constraint UK_ku29j688xlci1ksopvjfgpswp unique (EMAIL)
Hibernate: 
    alter table ItemService 
       add constraint FKhrqcflbyp4wbuxinlxlvyw8k9 
       foreign key (PURCHASE_ID) 
       references Purchase (id)
Hibernate: 
    alter table ItemService 
       add constraint FK9qy0l54bu71fed4qcr5w2a6jj 
       foreign key (service_id) 
       references Service (id)
Hibernate: 
    alter table Purchase 
       add constraint FKmegulceyii61cx6yvqjk2arme 
       foreign key (route_id) 
       references Route (id)
Hibernate: 
    alter table Purchase 
       add constraint FKc5pxmo7k6amr75sc6lb8cs46e 
       foreign key (user_id) 
       references users (id)
Hibernate: 
    alter table Review 
       add constraint FKllu3c5acfdsewb2fg2s1e0dfd 
       foreign key (purchase_id) 
       references Purchase (id)
Hibernate: 
    alter table ROUTE_DRIVER 
       add constraint FKgxep2imwahcgo9pnmbw29tth0 
       foreign key (driver_id) 
       references users (id)
Hibernate: 
    alter table ROUTE_DRIVER 
       add constraint FKs59demmwobdkqhs3nuppxjlts 
       foreign key (route_id) 
       references Route (id)
Hibernate: 
    alter table ROUTE_STOP 
       add constraint FKcb1tsdgheqnb3yg8w5l4j5w0i 
       foreign key (stop_id) 
       references Stop (id)
Hibernate: 
    alter table ROUTE_STOP 
       add constraint FKtrx7hkrwe87csvam9k7a3s7yq 
       foreign key (route_id) 
       references Route (id)
Hibernate: 
    alter table ROUTE_TOUR_GUIDE 
       add constraint FKwv5b4i869cve3k41dnb03dda 
       foreign key (tour_guide_id) 
       references users (id)
Hibernate: 
    alter table ROUTE_TOUR_GUIDE 
       add constraint FK85bitxyjimyd24y39p0vxna2c 
       foreign key (route_id) 
       references Route (id)
Hibernate: 
    alter table Service 
       add constraint FK7r8rfu8lnotaryukymhmmt4x2 
       foreign key (supplier_id) 
       references Supplier (id)
Hibernate: 
    select
        s1_0.id,
        s1_0.AUTHORIZATION_NUMBER,
        s1_0.BUSINESS_NAME 
    from
        Supplier s1_0 
    where
        s1_0.AUTHORIZATION_NUMBER=?
Hibernate: 
    insert 
    into
        Supplier
        (AUTHORIZATION_NUMBER, BUSINESS_NAME) 
    values
        (?, ?)
Hibernate: 
    select
        s1_0.id,
        s1_0.AUTHORIZATION_NUMBER,
        s1_0.BUSINESS_NAME 
    from
        Supplier s1_0 
    where
        s1_0.AUTHORIZATION_NUMBER=?
Hibernate: 
    insert 
    into
        Supplier
        (AUTHORIZATION_NUMBER, BUSINESS_NAME) 
    values
        (?, ?)
Hibernate: 
    select
        s1_0.id,
        s1_0.AUTHORIZATION_NUMBER,
        s1_0.BUSINESS_NAME 
    from
        Supplier s1_0 
    where
        s1_0.AUTHORIZATION_NUMBER=?
Hibernate: 
    insert 
    into
        Supplier
        (AUTHORIZATION_NUMBER, BUSINESS_NAME) 
    values
        (?, ?)
Hibernate: 
    select
        s1_0.id,
        s1_0.AUTHORIZATION_NUMBER,
        s1_0.BUSINESS_NAME 
    from
        Supplier s1_0 
    where
        s1_0.AUTHORIZATION_NUMBER=?
Hibernate: 
    insert 
    into
        Supplier
        (AUTHORIZATION_NUMBER, BUSINESS_NAME) 
    values
        (?, ?)
Hibernate: 
    select
        s1_0.id,
        s1_0.AUTHORIZATION_NUMBER,
        s1_0.BUSINESS_NAME 
    from
        Supplier s1_0 
    where
        s1_0.AUTHORIZATION_NUMBER=?
Hibernate: 
    insert 
    into
        Supplier
        (AUTHORIZATION_NUMBER, BUSINESS_NAME) 
    values
        (?, ?)
Hibernate: 
    select
        s1_0.id,
        s1_0.DESCRIPTION,
        s1_0.NAME,
        s1_0.PRICE,
        s1_0.supplier_id 
    from
        Service s1_0 
    where
        s1_0.NAME=? 
        and s1_0.supplier_id=?
Hibernate: 
    insert 
    into
        Service
        (DESCRIPTION, NAME, PRICE, supplier_id) 
    values
        (?, ?, ?, ?)
Hibernate: 
    select
        s1_0.id,
        s1_0.DESCRIPTION,
        s1_0.NAME,
        s1_0.PRICE,
        s1_0.supplier_id 
    from
        Service s1_0 
    where
        s1_0.NAME=? 
        and s1_0.supplier_id=?
Hibernate: 
    insert 
    into
        Service
        (DESCRIPTION, NAME, PRICE, supplier_id) 
    values
        (?, ?, ?, ?)
Hibernate: 
    select
        s1_0.id,
        s1_0.DESCRIPTION,
        s1_0.NAME,
        s1_0.PRICE,
        s1_0.supplier_id 
    from
        Service s1_0 
    where
        s1_0.NAME=? 
        and s1_0.supplier_id=?
Hibernate: 
    insert 
    into
        Service
        (DESCRIPTION, NAME, PRICE, supplier_id) 
    values
        (?, ?, ?, ?)
Hibernate: 
    select
        s1_0.id,
        s1_0.DESCRIPTION,
        s1_0.NAME,
        s1_0.PRICE,
        s1_0.supplier_id 
    from
        Service s1_0 
    where
        s1_0.NAME=? 
        and s1_0.supplier_id=?
Hibernate: 
    insert 
    into
        Service
        (DESCRIPTION, NAME, PRICE, supplier_id) 
    values
        (?, ?, ?, ?)
Hibernate: 
    select
        s1_0.id,
        s1_0.DESCRIPTION,
        s1_0.NAME,
        s1_0.PRICE,
        s1_0.supplier_id 
    from
        Service s1_0 
    where
        s1_0.NAME=? 
        and s1_0.supplier_id=?
Hibernate: 
    insert 
    into
        Service
        (DESCRIPTION, NAME, PRICE, supplier_id) 
    values
        (?, ?, ?, ?)
Hibernate: 
    select
        s1_0.id,
        s1_0.DESCRIPTION,
        s1_0.NAME,
        s1_0.PRICE,
        s1_0.supplier_id 
    from
        Service s1_0 
    where
        s1_0.NAME=? 
        and s1_0.supplier_id=?
Hibernate: 
    insert 
    into
        Service
        (DESCRIPTION, NAME, PRICE, supplier_id) 
    values
        (?, ?, ?, ?)
Hibernate: 
    select
        s1_0.id,
        s1_0.DESCRIPTION,
        s1_0.NAME,
        s1_0.PRICE,
        s1_0.supplier_id 
    from
        Service s1_0 
    where
        s1_0.NAME=? 
        and s1_0.supplier_id=?
Hibernate: 
    select
        s1_0.id,
        s1_0.DESCRIPTION,
        s1_0.NAME,
        s1_0.PRICE,
        s1_0.supplier_id 
    from
        Service s1_0 
    where
        s1_0.NAME=? 
        and s1_0.supplier_id=?
Hibernate: 
    insert 
    into
        Service
        (DESCRIPTION, NAME, PRICE, supplier_id) 
    values
        (?, ?, ?, ?)
Hibernate: 
    select
        s1_0.id,
        s1_0.DESCRIPTION,
        s1_0.NAME,
        s1_0.PRICE,
        s1_0.supplier_id 
    from
        Service s1_0 
    where
        s1_0.NAME=? 
        and s1_0.supplier_id=?
Hibernate: 
    insert 
    into
        Service
        (DESCRIPTION, NAME, PRICE, supplier_id) 
    values
        (?, ?, ?, ?)
Hibernate: 
    insert 
    into
        Stop
        (DESCRIPTION, NAME) 
    values
        (?, ?)
Hibernate: 
    insert 
    into
        Stop
        (DESCRIPTION, NAME) 
    values
        (?, ?)
Hibernate: 
    insert 
    into
        Stop
        (DESCRIPTION, NAME) 
    values
        (?, ?)
Hibernate: 
    insert 
    into
        Stop
        (DESCRIPTION, NAME) 
    values
        (?, ?)
Hibernate: 
    insert 
    into
        Stop
        (DESCRIPTION, NAME) 
    values
        (?, ?)
Hibernate: 
    insert 
    into
        Stop
        (DESCRIPTION, NAME) 
    values
        (?, ?)
Hibernate: 
    insert 
    into
        Stop
        (DESCRIPTION, NAME) 
    values
        (?, ?)
Hibernate: 
    insert 
    into
        Stop
        (DESCRIPTION, NAME) 
    values
        (?, ?)
Hibernate: 
    insert 
    into
        Stop
        (DESCRIPTION, NAME) 
    values
        (?, ?)
Hibernate: 
    insert 
    into
        Stop
        (DESCRIPTION, NAME) 
    values
        (?, ?)
Hibernate: 
    insert 
    into
        Stop
        (DESCRIPTION, NAME) 
    values
        (?, ?)
Hibernate: 
    insert 
    into
        Stop
        (DESCRIPTION, NAME) 
    values
        (?, ?)
Hibernate: 
    insert 
    into
        Stop
        (DESCRIPTION, NAME) 
    values
        (?, ?)
Hibernate: 
    insert 
    into
        Stop
        (DESCRIPTION, NAME) 
    values
        (?, ?)
Hibernate: 
    insert 
    into
        Stop
        (DESCRIPTION, NAME) 
    values
        (?, ?)
Hibernate: 
    insert 
    into
        Stop
        (DESCRIPTION, NAME) 
    values
        (?, ?)
Hibernate: 
    insert 
    into
        Stop
        (DESCRIPTION, NAME) 
    values
        (?, ?)
Hibernate: 
    insert 
    into
        Stop
        (DESCRIPTION, NAME) 
    values
        (?, ?)
Hibernate: 
    insert 
    into
        Stop
        (DESCRIPTION, NAME) 
    values
        (?, ?)
Hibernate: 
    insert 
    into
        Stop
        (DESCRIPTION, NAME) 
    values
        (?, ?)
Hibernate: 
    select
        u1_0.id,
        u1_0.user_type,
        u1_0.ACTIVE,
        u1_0.BIRTHDATE,
        u1_0.EMAIL,
        u1_0.NAME,
        u1_0.PASSWORD,
        u1_0.PHONE_NUMBER,
        u1_0.username,
        u1_0.EXPEDIENT,
        u1_0.EDUCATION 
    from
        users u1_0 
    where
        u1_0.username=?
Hibernate: 
    insert 
    into
        users
        (ACTIVE, BIRTHDATE, EMAIL, NAME, PASSWORD, PHONE_NUMBER, username, user_type) 
    values
        (?, ?, ?, ?, ?, ?, ?, 'USER')
Hibernate: 
    select
        u1_0.id,
        u1_0.user_type,
        u1_0.ACTIVE,
        u1_0.BIRTHDATE,
        u1_0.EMAIL,
        u1_0.NAME,
        u1_0.PASSWORD,
        u1_0.PHONE_NUMBER,
        u1_0.username,
        u1_0.EXPEDIENT,
        u1_0.EDUCATION 
    from
        users u1_0 
    where
        u1_0.username=?
Hibernate: 
    insert 
    into
        users
        (ACTIVE, BIRTHDATE, EMAIL, NAME, PASSWORD, PHONE_NUMBER, username, user_type) 
    values
        (?, ?, ?, ?, ?, ?, ?, 'USER')
Hibernate: 
    select
        u1_0.id,
        u1_0.user_type,
        u1_0.ACTIVE,
        u1_0.BIRTHDATE,
        u1_0.EMAIL,
        u1_0.NAME,
        u1_0.PASSWORD,
        u1_0.PHONE_NUMBER,
        u1_0.username,
        u1_0.EXPEDIENT,
        u1_0.EDUCATION 
    from
        users u1_0 
    where
        u1_0.username=?
Hibernate: 
    insert 
    into
        users
        (ACTIVE, BIRTHDATE, EMAIL, NAME, PASSWORD, PHONE_NUMBER, username, user_type) 
    values
        (?, ?, ?, ?, ?, ?, ?, 'USER')
Hibernate: 
    select
        u1_0.id,
        u1_0.user_type,
        u1_0.ACTIVE,
        u1_0.BIRTHDATE,
        u1_0.EMAIL,
        u1_0.NAME,
        u1_0.PASSWORD,
        u1_0.PHONE_NUMBER,
        u1_0.username,
        u1_0.EXPEDIENT,
        u1_0.EDUCATION 
    from
        users u1_0 
    where
        u1_0.username=?
Hibernate: 
    insert 
    into
        users
        (ACTIVE, BIRTHDATE, EMAIL, NAME, PASSWORD, PHONE_NUMBER, username, user_type) 
    values
        (?, ?, ?, ?, ?, ?, ?, 'USER')
Hibernate: 
    select
        u1_0.id,
        u1_0.user_type,
        u1_0.ACTIVE,
        u1_0.BIRTHDATE,
        u1_0.EMAIL,
        u1_0.NAME,
        u1_0.PASSWORD,
        u1_0.PHONE_NUMBER,
        u1_0.username,
        u1_0.EXPEDIENT,
        u1_0.EDUCATION 
    from
        users u1_0 
    where
        u1_0.username=?
Hibernate: 
    insert 
    into
        users
        (ACTIVE, BIRTHDATE, EMAIL, NAME, PASSWORD, PHONE_NUMBER, username, user_type) 
    values
        (?, ?, ?, ?, ?, ?, ?, 'USER')
Hibernate: 
    select
        u1_0.id,
        u1_0.user_type,
        u1_0.ACTIVE,
        u1_0.BIRTHDATE,
        u1_0.EMAIL,
        u1_0.NAME,
        u1_0.PASSWORD,
        u1_0.PHONE_NUMBER,
        u1_0.username,
        u1_0.EXPEDIENT,
        u1_0.EDUCATION 
    from
        users u1_0 
    where
        u1_0.username=?
Hibernate: 
    insert 
    into
        users
        (ACTIVE, BIRTHDATE, EMAIL, NAME, PASSWORD, PHONE_NUMBER, username, user_type) 
    values
        (?, ?, ?, ?, ?, ?, ?, 'USER')
Hibernate: 
    select
        u1_0.id,
        u1_0.user_type,
        u1_0.ACTIVE,
        u1_0.BIRTHDATE,
        u1_0.EMAIL,
        u1_0.NAME,
        u1_0.PASSWORD,
        u1_0.PHONE_NUMBER,
        u1_0.username,
        u1_0.EXPEDIENT,
        u1_0.EDUCATION 
    from
        users u1_0 
    where
        u1_0.username=?
Hibernate: 
    insert 
    into
        users
        (ACTIVE, BIRTHDATE, EMAIL, NAME, PASSWORD, PHONE_NUMBER, username, user_type) 
    values
        (?, ?, ?, ?, ?, ?, ?, 'USER')
Hibernate: 
    select
        u1_0.id,
        u1_0.user_type,
        u1_0.ACTIVE,
        u1_0.BIRTHDATE,
        u1_0.EMAIL,
        u1_0.NAME,
        u1_0.PASSWORD,
        u1_0.PHONE_NUMBER,
        u1_0.username,
        u1_0.EXPEDIENT,
        u1_0.EDUCATION 
    from
        users u1_0 
    where
        u1_0.username=?
Hibernate: 
    insert 
    into
        users
        (ACTIVE, BIRTHDATE, EMAIL, NAME, PASSWORD, PHONE_NUMBER, username, user_type) 
    values
        (?, ?, ?, ?, ?, ?, ?, 'USER')
Hibernate: 
    select
        u1_0.id,
        u1_0.user_type,
        u1_0.ACTIVE,
        u1_0.BIRTHDATE,
        u1_0.EMAIL,
        u1_0.NAME,
        u1_0.PASSWORD,
        u1_0.PHONE_NUMBER,
        u1_0.username,
        u1_0.EXPEDIENT,
        u1_0.EDUCATION 
    from
        users u1_0 
    where
        u1_0.username=?
Hibernate: 
    insert 
    into
        users
        (ACTIVE, BIRTHDATE, EMAIL, NAME, PASSWORD, PHONE_NUMBER, username, user_type) 
    values
        (?, ?, ?, ?, ?, ?, ?, 'USER')
Hibernate: 
    select
        u1_0.id,
        u1_0.user_type,
        u1_0.ACTIVE,
        u1_0.BIRTHDATE,
        u1_0.EMAIL,
        u1_0.NAME,
        u1_0.PASSWORD,
        u1_0.PHONE_NUMBER,
        u1_0.username,
        u1_0.EXPEDIENT,
        u1_0.EDUCATION 
    from
        users u1_0 
    where
        u1_0.username=?
Hibernate: 
    insert 
    into
        users
        (ACTIVE, BIRTHDATE, EMAIL, NAME, PASSWORD, PHONE_NUMBER, username, user_type) 
    values
        (?, ?, ?, ?, ?, ?, ?, 'USER')
Hibernate: 
    insert 
    into
        users
        (ACTIVE, BIRTHDATE, EMAIL, NAME, PASSWORD, PHONE_NUMBER, username, EXPEDIENT, user_type) 
    values
        (?, ?, ?, ?, ?, ?, ?, ?, 'DRIVER')
Hibernate: 
    insert 
    into
        users
        (ACTIVE, BIRTHDATE, EMAIL, NAME, PASSWORD, PHONE_NUMBER, username, EXPEDIENT, user_type) 
    values
        (?, ?, ?, ?, ?, ?, ?, ?, 'DRIVER')
Hibernate: 
    insert 
    into
        users
        (ACTIVE, BIRTHDATE, EMAIL, NAME, PASSWORD, PHONE_NUMBER, username, EXPEDIENT, user_type) 
    values
        (?, ?, ?, ?, ?, ?, ?, ?, 'DRIVER')
Hibernate: 
    insert 
    into
        users
        (ACTIVE, BIRTHDATE, EMAIL, NAME, PASSWORD, PHONE_NUMBER, username, EXPEDIENT, user_type) 
    values
        (?, ?, ?, ?, ?, ?, ?, ?, 'DRIVER')
Hibernate: 
    insert 
    into
        users
        (ACTIVE, BIRTHDATE, EMAIL, NAME, PASSWORD, PHONE_NUMBER, username, EDUCATION, user_type) 
    values
        (?, ?, ?, ?, ?, ?, ?, ?, 'GUIDE')
Hibernate: 
    insert 
    into
        users
        (ACTIVE, BIRTHDATE, EMAIL, NAME, PASSWORD, PHONE_NUMBER, username, EDUCATION, user_type) 
    values
        (?, ?, ?, ?, ?, ?, ?, ?, 'GUIDE')
Hibernate: 
    insert 
    into
        users
        (ACTIVE, BIRTHDATE, EMAIL, NAME, PASSWORD, PHONE_NUMBER, username, EDUCATION, user_type) 
    values
        (?, ?, ?, ?, ?, ?, ?, ?, 'GUIDE')
Hibernate: 
    insert 
    into
        users
        (ACTIVE, BIRTHDATE, EMAIL, NAME, PASSWORD, PHONE_NUMBER, username, EDUCATION, user_type) 
    values
        (?, ?, ?, ?, ?, ?, ?, ?, 'GUIDE')
Hibernate: 
    insert 
    into
        Route
        (MAX_NUMBER_USERS, NAME, PRICE, TOTAL_KM) 
    values
        (?, ?, ?, ?)
Hibernate: 
    insert 
    into
        Route
        (MAX_NUMBER_USERS, NAME, PRICE, TOTAL_KM) 
    values
        (?, ?, ?, ?)
Hibernate: 
    insert 
    into
        Route
        (MAX_NUMBER_USERS, NAME, PRICE, TOTAL_KM) 
    values
        (?, ?, ?, ?)
Hibernate: 
    insert 
    into
        Route
        (MAX_NUMBER_USERS, NAME, PRICE, TOTAL_KM) 
    values
        (?, ?, ?, ?)
Hibernate: 
    insert 
    into
        Route
        (MAX_NUMBER_USERS, NAME, PRICE, TOTAL_KM) 
    values
        (?, ?, ?, ?)
Hibernate: 
    insert 
    into
        ROUTE_DRIVER
        (route_id, driver_id) 
    values
        (?, ?)
Hibernate: 
    insert 
    into
        ROUTE_DRIVER
        (route_id, driver_id) 
    values
        (?, ?)
Hibernate: 
    insert 
    into
        ROUTE_STOP
        (route_id, stop_id) 
    values
        (?, ?)
Hibernate: 
    insert 
    into
        ROUTE_STOP
        (route_id, stop_id) 
    values
        (?, ?)
Hibernate: 
    insert 
    into
        ROUTE_STOP
        (route_id, stop_id) 
    values
        (?, ?)
Hibernate: 
    insert 
    into
        ROUTE_STOP
        (route_id, stop_id) 
    values
        (?, ?)
Hibernate: 
    insert 
    into
        ROUTE_STOP
        (route_id, stop_id) 
    values
        (?, ?)
Hibernate: 
    insert 
    into
        ROUTE_STOP
        (route_id, stop_id) 
    values
        (?, ?)
Hibernate: 
    insert 
    into
        ROUTE_STOP
        (route_id, stop_id) 
    values
        (?, ?)
Hibernate: 
    insert 
    into
        ROUTE_STOP
        (route_id, stop_id) 
    values
        (?, ?)
Hibernate: 
    insert 
    into
        ROUTE_STOP
        (route_id, stop_id) 
    values
        (?, ?)
Hibernate: 
    insert 
    into
        ROUTE_TOUR_GUIDE
        (route_id, tour_guide_id) 
    values
        (?, ?)
Hibernate: 
    insert 
    into
        ROUTE_DRIVER
        (route_id, driver_id) 
    values
        (?, ?)
Hibernate: 
    insert 
    into
        ROUTE_DRIVER
        (route_id, driver_id) 
    values
        (?, ?)
Hibernate: 
    insert 
    into
        ROUTE_STOP
        (route_id, stop_id) 
    values
        (?, ?)
Hibernate: 
    insert 
    into
        ROUTE_STOP
        (route_id, stop_id) 
    values
        (?, ?)
Hibernate: 
    insert 
    into
        ROUTE_STOP
        (route_id, stop_id) 
    values
        (?, ?)
Hibernate: 
    insert 
    into
        ROUTE_STOP
        (route_id, stop_id) 
    values
        (?, ?)
Hibernate: 
    insert 
    into
        ROUTE_STOP
        (route_id, stop_id) 
    values
        (?, ?)
Hibernate: 
    insert 
    into
        ROUTE_STOP
        (route_id, stop_id) 
    values
        (?, ?)
Hibernate: 
    insert 
    into
        ROUTE_TOUR_GUIDE
        (route_id, tour_guide_id) 
    values
        (?, ?)
Hibernate: 
    insert 
    into
        ROUTE_TOUR_GUIDE
        (route_id, tour_guide_id) 
    values
        (?, ?)
Hibernate: 
    insert 
    into
        ROUTE_DRIVER
        (route_id, driver_id) 
    values
        (?, ?)
Hibernate: 
    insert 
    into
        ROUTE_STOP
        (route_id, stop_id) 
    values
        (?, ?)
Hibernate: 
    insert 
    into
        ROUTE_STOP
        (route_id, stop_id) 
    values
        (?, ?)
Hibernate: 
    insert 
    into
        ROUTE_STOP
        (route_id, stop_id) 
    values
        (?, ?)
Hibernate: 
    insert 
    into
        ROUTE_STOP
        (route_id, stop_id) 
    values
        (?, ?)
Hibernate: 
    insert 
    into
        ROUTE_STOP
        (route_id, stop_id) 
    values
        (?, ?)
Hibernate: 
    insert 
    into
        ROUTE_STOP
        (route_id, stop_id) 
    values
        (?, ?)
Hibernate: 
    insert 
    into
        ROUTE_TOUR_GUIDE
        (route_id, tour_guide_id) 
    values
        (?, ?)
Hibernate: 
    insert 
    into
        ROUTE_DRIVER
        (route_id, driver_id) 
    values
        (?, ?)
Hibernate: 
    insert 
    into
        ROUTE_STOP
        (route_id, stop_id) 
    values
        (?, ?)
Hibernate: 
    insert 
    into
        ROUTE_STOP
        (route_id, stop_id) 
    values
        (?, ?)
Hibernate: 
    insert 
    into
        ROUTE_STOP
        (route_id, stop_id) 
    values
        (?, ?)
Hibernate: 
    insert 
    into
        ROUTE_TOUR_GUIDE
        (route_id, tour_guide_id) 
    values
        (?, ?)
Hibernate: 
    insert 
    into
        ROUTE_TOUR_GUIDE
        (route_id, tour_guide_id) 
    values
        (?, ?)
Hibernate: 
    insert 
    into
        ROUTE_STOP
        (route_id, stop_id) 
    values
        (?, ?)
Hibernate: 
    insert 
    into
        ROUTE_STOP
        (route_id, stop_id) 
    values
        (?, ?)
Hibernate: 
    select
        count(p1_0.id) 
    from
        Purchase p1_0 
    where
        p1_0.route_id=? 
        and p1_0.DATE=?
Hibernate: 
    insert 
    into
        Purchase
        (CODE, DATE, route_id, TOTAL_PRICE, user_id) 
    values
        (?, ?, ?, ?, ?)
Hibernate: 
    select
        count(p1_0.id) 
    from
        Purchase p1_0 
    where
        p1_0.route_id=? 
        and p1_0.DATE=?
Hibernate: 
    insert 
    into
        Purchase
        (CODE, DATE, route_id, TOTAL_PRICE, user_id) 
    values
        (?, ?, ?, ?, ?)
Hibernate: 
    select
        count(p1_0.id) 
    from
        Purchase p1_0 
    where
        p1_0.route_id=? 
        and p1_0.DATE=?
Hibernate: 
    insert 
    into
        Purchase
        (CODE, DATE, route_id, TOTAL_PRICE, user_id) 
    values
        (?, ?, ?, ?, ?)
Hibernate: 
    select
        count(p1_0.id) 
    from
        Purchase p1_0 
    where
        p1_0.route_id=? 
        and p1_0.DATE=?
Hibernate: 
    insert 
    into
        Purchase
        (CODE, DATE, route_id, TOTAL_PRICE, user_id) 
    values
        (?, ?, ?, ?, ?)
Hibernate: 
    select
        count(p1_0.id) 
    from
        Purchase p1_0 
    where
        p1_0.route_id=? 
        and p1_0.DATE=?
Hibernate: 
    insert 
    into
        Purchase
        (CODE, DATE, route_id, TOTAL_PRICE, user_id) 
    values
        (?, ?, ?, ?, ?)
Hibernate: 
    select
        count(p1_0.id) 
    from
        Purchase p1_0 
    where
        p1_0.route_id=? 
        and p1_0.DATE=?
Hibernate: 
    insert 
    into
        Purchase
        (CODE, DATE, route_id, TOTAL_PRICE, user_id) 
    values
        (?, ?, ?, ?, ?)
Hibernate: 
    select
        count(p1_0.id) 
    from
        Purchase p1_0 
    where
        p1_0.route_id=? 
        and p1_0.DATE=?
Hibernate: 
    insert 
    into
        Purchase
        (CODE, DATE, route_id, TOTAL_PRICE, user_id) 
    values
        (?, ?, ?, ?, ?)
Hibernate: 
    select
        count(p1_0.id) 
    from
        Purchase p1_0 
    where
        p1_0.route_id=? 
        and p1_0.DATE=?
Hibernate: 
    insert 
    into
        Purchase
        (CODE, DATE, route_id, TOTAL_PRICE, user_id) 
    values
        (?, ?, ?, ?, ?)
Hibernate: 
    select
        count(p1_0.id) 
    from
        Purchase p1_0 
    where
        p1_0.route_id=? 
        and p1_0.DATE=?
Hibernate: 
    insert 
    into
        Purchase
        (CODE, DATE, route_id, TOTAL_PRICE, user_id) 
    values
        (?, ?, ?, ?, ?)
Hibernate: 
    select
        count(p1_0.id) 
    from
        Purchase p1_0 
    where
        p1_0.route_id=? 
        and p1_0.DATE=?
Hibernate: 
    insert 
    into
        Purchase
        (CODE, DATE, route_id, TOTAL_PRICE, user_id) 
    values
        (?, ?, ?, ?, ?)
Hibernate: 
    select
        count(p1_0.id) 
    from
        Purchase p1_0 
    where
        p1_0.route_id=? 
        and p1_0.DATE=?
Hibernate: 
    insert 
    into
        Purchase
        (CODE, DATE, route_id, TOTAL_PRICE, user_id) 
    values
        (?, ?, ?, ?, ?)
Hibernate: 
    select
        count(p1_0.id) 
    from
        Purchase p1_0 
    where
        p1_0.route_id=? 
        and p1_0.DATE=?
Hibernate: 
    insert 
    into
        Purchase
        (CODE, DATE, route_id, TOTAL_PRICE, user_id) 
    values
        (?, ?, ?, ?, ?)
Hibernate: 
    select
        count(p1_0.id) 
    from
        Purchase p1_0 
    where
        p1_0.route_id=? 
        and p1_0.DATE=?
Hibernate: 
    insert 
    into
        Purchase
        (CODE, DATE, route_id, TOTAL_PRICE, user_id) 
    values
        (?, ?, ?, ?, ?)
Hibernate: 
    select
        count(p1_0.id) 
    from
        Purchase p1_0 
    where
        p1_0.route_id=? 
        and p1_0.DATE=?
Hibernate: 
    insert 
    into
        Purchase
        (CODE, DATE, route_id, TOTAL_PRICE, user_id) 
    values
        (?, ?, ?, ?, ?)
Hibernate: 
    select
        count(p1_0.id) 
    from
        Purchase p1_0 
    where
        p1_0.route_id=? 
        and p1_0.DATE=?
Hibernate: 
    insert 
    into
        Purchase
        (CODE, DATE, route_id, TOTAL_PRICE, user_id) 
    values
        (?, ?, ?, ?, ?)
Hibernate: 
    select
        count(p1_0.id) 
    from
        Purchase p1_0 
    where
        p1_0.route_id=? 
        and p1_0.DATE=?
Hibernate: 
    insert 
    into
        Purchase
        (CODE, DATE, route_id, TOTAL_PRICE, user_id) 
    values
        (?, ?, ?, ?, ?)
Hibernate: 
    select
        count(p1_0.id) 
    from
        Purchase p1_0 
    where
        p1_0.route_id=? 
        and p1_0.DATE=?
Hibernate: 
    insert 
    into
        Purchase
        (CODE, DATE, route_id, TOTAL_PRICE, user_id) 
    values
        (?, ?, ?, ?, ?)
Hibernate: 
    select
        count(p1_0.id) 
    from
        Purchase p1_0 
    where
        p1_0.route_id=? 
        and p1_0.DATE=?
Hibernate: 
    insert 
    into
        Purchase
        (CODE, DATE, route_id, TOTAL_PRICE, user_id) 
    values
        (?, ?, ?, ?, ?)
Hibernate: 
    select
        count(p1_0.id) 
    from
        Purchase p1_0 
    where
        p1_0.route_id=? 
        and p1_0.DATE=?
Hibernate: 
    insert 
    into
        Purchase
        (CODE, DATE, route_id, TOTAL_PRICE, user_id) 
    values
        (?, ?, ?, ?, ?)
Hibernate: 
    select
        count(p1_0.id) 
    from
        Purchase p1_0 
    where
        p1_0.route_id=? 
        and p1_0.DATE=?
Hibernate: 
    insert 
    into
        Purchase
        (CODE, DATE, route_id, TOTAL_PRICE, user_id) 
    values
        (?, ?, ?, ?, ?)
Hibernate: 
    insert 
    into
        ItemService
        (PURCHASE_ID, QUANTITY, service_id) 
    values
        (?, ?, ?)
Hibernate: 
    insert 
    into
        ItemService
        (PURCHASE_ID, QUANTITY, service_id) 
    values
        (?, ?, ?)
Hibernate: 
    insert 
    into
        ItemService
        (PURCHASE_ID, QUANTITY, service_id) 
    values
        (?, ?, ?)
Hibernate: 
    insert 
    into
        ItemService
        (PURCHASE_ID, QUANTITY, service_id) 
    values
        (?, ?, ?)
Hibernate: 
    insert 
    into
        ItemService
        (PURCHASE_ID, QUANTITY, service_id) 
    values
        (?, ?, ?)
Hibernate: 
    insert 
    into
        ItemService
        (PURCHASE_ID, QUANTITY, service_id) 
    values
        (?, ?, ?)
Hibernate: 
    insert 
    into
        ItemService
        (PURCHASE_ID, QUANTITY, service_id) 
    values
        (?, ?, ?)
Hibernate: 
    insert 
    into
        ItemService
        (PURCHASE_ID, QUANTITY, service_id) 
    values
        (?, ?, ?)
Hibernate: 
    insert 
    into
        ItemService
        (PURCHASE_ID, QUANTITY, service_id) 
    values
        (?, ?, ?)
Hibernate: 
    insert 
    into
        ItemService
        (PURCHASE_ID, QUANTITY, service_id) 
    values
        (?, ?, ?)
Hibernate: 
    insert 
    into
        ItemService
        (PURCHASE_ID, QUANTITY, service_id) 
    values
        (?, ?, ?)
Hibernate: 
    insert 
    into
        ItemService
        (PURCHASE_ID, QUANTITY, service_id) 
    values
        (?, ?, ?)
Hibernate: 
    insert 
    into
        ItemService
        (PURCHASE_ID, QUANTITY, service_id) 
    values
        (?, ?, ?)
Hibernate: 
    insert 
    into
        ItemService
        (PURCHASE_ID, QUANTITY, service_id) 
    values
        (?, ?, ?)
Hibernate: 
    insert 
    into
        ItemService
        (PURCHASE_ID, QUANTITY, service_id) 
    values
        (?, ?, ?)
Hibernate: 
    insert 
    into
        ItemService
        (PURCHASE_ID, QUANTITY, service_id) 
    values
        (?, ?, ?)
Hibernate: 
    insert 
    into
        ItemService
        (PURCHASE_ID, QUANTITY, service_id) 
    values
        (?, ?, ?)
Hibernate: 
    insert 
    into
        ItemService
        (PURCHASE_ID, QUANTITY, service_id) 
    values
        (?, ?, ?)
Hibernate: 
    insert 
    into
        ItemService
        (PURCHASE_ID, QUANTITY, service_id) 
    values
        (?, ?, ?)
Hibernate: 
    insert 
    into
        ItemService
        (PURCHASE_ID, QUANTITY, service_id) 
    values
        (?, ?, ?)
Hibernate: 
    insert 
    into
        ItemService
        (PURCHASE_ID, QUANTITY, service_id) 
    values
        (?, ?, ?)
Hibernate: 
    insert 
    into
        ItemService
        (PURCHASE_ID, QUANTITY, service_id) 
    values
        (?, ?, ?)
Hibernate: 
    insert 
    into
        ItemService
        (PURCHASE_ID, QUANTITY, service_id) 
    values
        (?, ?, ?)
Hibernate: 
    insert 
    into
        ItemService
        (PURCHASE_ID, QUANTITY, service_id) 
    values
        (?, ?, ?)
Hibernate: 
    insert 
    into
        Review
        (COMMENT, purchase_id, RATING) 
    values
        (?, ?, ?)
Hibernate: 
    insert 
    into
        Review
        (COMMENT, purchase_id, RATING) 
    values
        (?, ?, ?)
Hibernate: 
    insert 
    into
        Review
        (COMMENT, purchase_id, RATING) 
    values
        (?, ?, ?)
Hibernate: 
    insert 
    into
        Review
        (COMMENT, purchase_id, RATING) 
    values
        (?, ?, ?)
Hibernate: 
    insert 
    into
        Review
        (COMMENT, purchase_id, RATING) 
    values
        (?, ?, ?)
Hibernate: 
    insert 
    into
        Review
        (COMMENT, purchase_id, RATING) 
    values
        (?, ?, ?)
Hibernate: 
    insert 
    into
        Review
        (COMMENT, purchase_id, RATING) 
    values
        (?, ?, ?)
Hibernate: 
    insert 
    into
        Review
        (COMMENT, purchase_id, RATING) 
    values
        (?, ?, ?)
Hibernate: 
    insert 
    into
        Review
        (COMMENT, purchase_id, RATING) 
    values
        (?, ?, ?)
Hibernate: 
    insert 
    into
        Review
        (COMMENT, purchase_id, RATING) 
    values
        (?, ?, ?)
Hibernate: 
    insert 
    into
        Review
        (COMMENT, purchase_id, RATING) 
    values
        (?, ?, ?)
Hibernate: 
    insert 
    into
        Review
        (COMMENT, purchase_id, RATING) 
    values
        (?, ?, ?)
Hibernate: 
    insert 
    into
        Review
        (COMMENT, purchase_id, RATING) 
    values
        (?, ?, ?)
Hibernate: 
    insert 
    into
        Review
        (COMMENT, purchase_id, RATING) 
    values
        (?, ?, ?)
Hibernate: 
    insert 
    into
        Review
        (COMMENT, purchase_id, RATING) 
    values
        (?, ?, ?)
Hibernate: 
    insert 
    into
        Review
        (COMMENT, purchase_id, RATING) 
    values
        (?, ?, ?)
Hibernate: 
    update
        Purchase 
    set
        CODE=?,
        DATE=?,
        route_id=?,
        TOTAL_PRICE=?,
        user_id=? 
    where
        id=?
Hibernate: 
    update
        Purchase 
    set
        CODE=?,
        DATE=?,
        route_id=?,
        TOTAL_PRICE=?,
        user_id=? 
    where
        id=?
Hibernate: 
    update
        Purchase 
    set
        CODE=?,
        DATE=?,
        route_id=?,
        TOTAL_PRICE=?,
        user_id=? 
    where
        id=?
Hibernate: 
    update
        Purchase 
    set
        CODE=?,
        DATE=?,
        route_id=?,
        TOTAL_PRICE=?,
        user_id=? 
    where
        id=?
Hibernate: 
    update
        Purchase 
    set
        CODE=?,
        DATE=?,
        route_id=?,
        TOTAL_PRICE=?,
        user_id=? 
    where
        id=?
Hibernate: 
    update
        Purchase 
    set
        CODE=?,
        DATE=?,
        route_id=?,
        TOTAL_PRICE=?,
        user_id=? 
    where
        id=?
Hibernate: 
    update
        Purchase 
    set
        CODE=?,
        DATE=?,
        route_id=?,
        TOTAL_PRICE=?,
        user_id=? 
    where
        id=?
Hibernate: 
    update
        Purchase 
    set
        CODE=?,
        DATE=?,
        route_id=?,
        TOTAL_PRICE=?,
        user_id=? 
    where
        id=?
Hibernate: 
    update
        Purchase 
    set
        CODE=?,
        DATE=?,
        route_id=?,
        TOTAL_PRICE=?,
        user_id=? 
    where
        id=?
Hibernate: 
    update
        Purchase 
    set
        CODE=?,
        DATE=?,
        route_id=?,
        TOTAL_PRICE=?,
        user_id=? 
    where
        id=?
Hibernate: 
    update
        Purchase 
    set
        CODE=?,
        DATE=?,
        route_id=?,
        TOTAL_PRICE=?,
        user_id=? 
    where
        id=?
Hibernate: 
    update
        Purchase 
    set
        CODE=?,
        DATE=?,
        route_id=?,
        TOTAL_PRICE=?,
        user_id=? 
    where
        id=?
Hibernate: 
    update
        Purchase 
    set
        CODE=?,
        DATE=?,
        route_id=?,
        TOTAL_PRICE=?,
        user_id=? 
    where
        id=?
Hibernate: 
    update
        Purchase 
    set
        CODE=?,
        DATE=?,
        route_id=?,
        TOTAL_PRICE=?,
        user_id=? 
    where
        id=?
Hibernate: 
    update
        Purchase 
    set
        CODE=?,
        DATE=?,
        route_id=?,
        TOTAL_PRICE=?,
        user_id=? 
    where
        id=?
Hibernate: 
    update
        Purchase 
    set
        CODE=?,
        DATE=?,
        route_id=?,
        TOTAL_PRICE=?,
        user_id=? 
    where
        id=?
Hibernate: 
    update
        Purchase 
    set
        CODE=?,
        DATE=?,
        route_id=?,
        TOTAL_PRICE=?,
        user_id=? 
    where
        id=?
Hibernate: 
    update
        Purchase 
    set
        CODE=?,
        DATE=?,
        route_id=?,
        TOTAL_PRICE=?,
        user_id=? 
    where
        id=?
Hibernate: 
    select
        r1_0.id,
        r1_0.MAX_NUMBER_USERS,
        r1_0.NAME,
        r1_0.PRICE,
        r1_0.TOTAL_KM 
    from
        Route r1_0 
    where
        r1_0.id not in (select
            p1_0.route_id 
        from
            Purchase p1_0)
Hibernate: 
    select
        s1_0.route_id,
        s1_1.id,
        s1_1.DESCRIPTION,
        s1_1.NAME 
    from
        ROUTE_STOP s1_0 
    join
        Stop s1_1 
            on s1_1.id=s1_0.stop_id 
    where
        s1_0.route_id=?
]]></system-out>
  </testcase>
  <testcase name="getAllPurchasesOfUsernameTest" classname="unlp.info.bd2.ToursQuerysTests" time="0.037">
    <system-out><![CDATA[Hibernate: 
    select
        p1_0.id,
        p1_0.CODE,
        p1_0.DATE,
        p1_0.route_id,
        p1_0.TOTAL_PRICE,
        p1_0.user_id 
    from
        Purchase p1_0 
    join
        users u1_0 
            on u1_0.id=p1_0.user_id 
    where
        u1_0.username=?
Hibernate: 
    select
        r1_0.id,
        r1_0.COMMENT,
        r1_0.purchase_id,
        p1_0.id,
        p1_0.CODE,
        p1_0.DATE,
        p1_0.route_id,
        r2_0.id,
        r2_0.MAX_NUMBER_USERS,
        r2_0.NAME,
        r2_0.PRICE,
        r2_0.TOTAL_KM,
        p1_0.TOTAL_PRICE,
        p1_0.user_id,
        u1_0.id,
        u1_0.user_type,
        u1_0.ACTIVE,
        u1_0.BIRTHDATE,
        u1_0.EMAIL,
        u1_0.NAME,
        u1_0.PASSWORD,
        u1_0.PHONE_NUMBER,
        u1_0.username,
        u1_0.EXPEDIENT,
        u1_0.EDUCATION,
        r1_0.RATING 
    from
        Review r1_0 
    join
        Purchase p1_0 
            on p1_0.id=r1_0.purchase_id 
    left join
        Route r2_0 
            on r2_0.id=p1_0.route_id 
    left join
        users u1_0 
            on u1_0.id=p1_0.user_id 
    where
        r1_0.purchase_id=?
Hibernate: 
    select
        r1_0.id,
        r1_0.COMMENT,
        r1_0.purchase_id,
        p1_0.id,
        p1_0.CODE,
        p1_0.DATE,
        p1_0.route_id,
        r2_0.id,
        r2_0.MAX_NUMBER_USERS,
        r2_0.NAME,
        r2_0.PRICE,
        r2_0.TOTAL_KM,
        p1_0.TOTAL_PRICE,
        p1_0.user_id,
        u1_0.id,
        u1_0.user_type,
        u1_0.ACTIVE,
        u1_0.BIRTHDATE,
        u1_0.EMAIL,
        u1_0.NAME,
        u1_0.PASSWORD,
        u1_0.PHONE_NUMBER,
        u1_0.username,
        u1_0.EXPEDIENT,
        u1_0.EDUCATION,
        r1_0.RATING 
    from
        Review r1_0 
    join
        Purchase p1_0 
            on p1_0.id=r1_0.purchase_id 
    left join
        Route r2_0 
            on r2_0.id=p1_0.route_id 
    left join
        users u1_0 
            on u1_0.id=p1_0.user_id 
    where
        r1_0.purchase_id=?
Hibernate: 
    select
        r1_0.id,
        r1_0.COMMENT,
        r1_0.purchase_id,
        p1_0.id,
        p1_0.CODE,
        p1_0.DATE,
        p1_0.route_id,
        r2_0.id,
        r2_0.MAX_NUMBER_USERS,
        r2_0.NAME,
        r2_0.PRICE,
        r2_0.TOTAL_KM,
        p1_0.TOTAL_PRICE,
        p1_0.user_id,
        u1_0.id,
        u1_0.user_type,
        u1_0.ACTIVE,
        u1_0.BIRTHDATE,
        u1_0.EMAIL,
        u1_0.NAME,
        u1_0.PASSWORD,
        u1_0.PHONE_NUMBER,
        u1_0.username,
        u1_0.EXPEDIENT,
        u1_0.EDUCATION,
        r1_0.RATING 
    from
        Review r1_0 
    join
        Purchase p1_0 
            on p1_0.id=r1_0.purchase_id 
    left join
        Route r2_0 
            on r2_0.id=p1_0.route_id 
    left join
        users u1_0 
            on u1_0.id=p1_0.user_id 
    where
        r1_0.purchase_id=?
Hibernate: 
    select
        r1_0.id,
        r1_0.COMMENT,
        r1_0.purchase_id,
        p1_0.id,
        p1_0.CODE,
        p1_0.DATE,
        p1_0.route_id,
        r2_0.id,
        r2_0.MAX_NUMBER_USERS,
        r2_0.NAME,
        r2_0.PRICE,
        r2_0.TOTAL_KM,
        p1_0.TOTAL_PRICE,
        p1_0.user_id,
        u1_0.id,
        u1_0.user_type,
        u1_0.ACTIVE,
        u1_0.BIRTHDATE,
        u1_0.EMAIL,
        u1_0.NAME,
        u1_0.PASSWORD,
        u1_0.PHONE_NUMBER,
        u1_0.username,
        u1_0.EXPEDIENT,
        u1_0.EDUCATION,
        r1_0.RATING 
    from
        Review r1_0 
    join
        Purchase p1_0 
            on p1_0.id=r1_0.purchase_id 
    left join
        Route r2_0 
            on r2_0.id=p1_0.route_id 
    left join
        users u1_0 
            on u1_0.id=p1_0.user_id 
    where
        r1_0.purchase_id=?
Hibernate: 
    select
        r1_0.id,
        r1_0.COMMENT,
        r1_0.purchase_id,
        p1_0.id,
        p1_0.CODE,
        p1_0.DATE,
        p1_0.route_id,
        r2_0.id,
        r2_0.MAX_NUMBER_USERS,
        r2_0.NAME,
        r2_0.PRICE,
        r2_0.TOTAL_KM,
        p1_0.TOTAL_PRICE,
        p1_0.user_id,
        u1_0.id,
        u1_0.user_type,
        u1_0.ACTIVE,
        u1_0.BIRTHDATE,
        u1_0.EMAIL,
        u1_0.NAME,
        u1_0.PASSWORD,
        u1_0.PHONE_NUMBER,
        u1_0.username,
        u1_0.EXPEDIENT,
        u1_0.EDUCATION,
        r1_0.RATING 
    from
        Review r1_0 
    join
        Purchase p1_0 
            on p1_0.id=r1_0.purchase_id 
    left join
        Route r2_0 
            on r2_0.id=p1_0.route_id 
    left join
        users u1_0 
            on u1_0.id=p1_0.user_id 
    where
        r1_0.purchase_id=?
Hibernate: 
    select
        r1_0.id,
        r1_0.COMMENT,
        r1_0.purchase_id,
        p1_0.id,
        p1_0.CODE,
        p1_0.DATE,
        p1_0.route_id,
        r2_0.id,
        r2_0.MAX_NUMBER_USERS,
        r2_0.NAME,
        r2_0.PRICE,
        r2_0.TOTAL_KM,
        p1_0.TOTAL_PRICE,
        p1_0.user_id,
        u1_0.id,
        u1_0.user_type,
        u1_0.ACTIVE,
        u1_0.BIRTHDATE,
        u1_0.EMAIL,
        u1_0.NAME,
        u1_0.PASSWORD,
        u1_0.PHONE_NUMBER,
        u1_0.username,
        u1_0.EXPEDIENT,
        u1_0.EDUCATION,
        r1_0.RATING 
    from
        Review r1_0 
    join
        Purchase p1_0 
            on p1_0.id=r1_0.purchase_id 
    left join
        Route r2_0 
            on r2_0.id=p1_0.route_id 
    left join
        users u1_0 
            on u1_0.id=p1_0.user_id 
    where
        r1_0.purchase_id=?
Hibernate: 
    select
        pl1_0.user_id,
        pl1_0.id,
        pl1_0.CODE,
        pl1_0.DATE,
        r1_0.id,
        r1_0.COMMENT,
        r1_0.purchase_id,
        r1_0.RATING,
        pl1_0.route_id,
        r2_0.id,
        r2_0.MAX_NUMBER_USERS,
        r2_0.NAME,
        r2_0.PRICE,
        r2_0.TOTAL_KM,
        pl1_0.TOTAL_PRICE 
    from
        Purchase pl1_0 
    left join
        Review r1_0 
            on pl1_0.id=r1_0.purchase_id 
    left join
        Route r2_0 
            on r2_0.id=pl1_0.route_id 
    where
        pl1_0.user_id=?
Hibernate: 
    select
        s1_0.route_id,
        s1_1.id,
        s1_1.DESCRIPTION,
        s1_1.NAME 
    from
        ROUTE_STOP s1_0 
    join
        Stop s1_1 
            on s1_1.id=s1_0.stop_id 
    where
        s1_0.route_id=?
Hibernate: 
    select
        p1_0.id,
        p1_0.CODE,
        p1_0.DATE,
        p1_0.route_id,
        p1_0.TOTAL_PRICE,
        p1_0.user_id 
    from
        Purchase p1_0 
    join
        users u1_0 
            on u1_0.id=p1_0.user_id 
    where
        u1_0.username=?
Hibernate: 
    select
        r1_0.id,
        r1_0.COMMENT,
        r1_0.purchase_id,
        p1_0.id,
        p1_0.CODE,
        p1_0.DATE,
        p1_0.route_id,
        r2_0.id,
        r2_0.MAX_NUMBER_USERS,
        r2_0.NAME,
        r2_0.PRICE,
        r2_0.TOTAL_KM,
        p1_0.TOTAL_PRICE,
        p1_0.user_id,
        u1_0.id,
        u1_0.user_type,
        u1_0.ACTIVE,
        u1_0.BIRTHDATE,
        u1_0.EMAIL,
        u1_0.NAME,
        u1_0.PASSWORD,
        u1_0.PHONE_NUMBER,
        u1_0.username,
        u1_0.EXPEDIENT,
        u1_0.EDUCATION,
        r1_0.RATING 
    from
        Review r1_0 
    join
        Purchase p1_0 
            on p1_0.id=r1_0.purchase_id 
    left join
        Route r2_0 
            on r2_0.id=p1_0.route_id 
    left join
        users u1_0 
            on u1_0.id=p1_0.user_id 
    where
        r1_0.purchase_id=?
Hibernate: 
    select
        pl1_0.user_id,
        pl1_0.id,
        pl1_0.CODE,
        pl1_0.DATE,
        r1_0.id,
        r1_0.COMMENT,
        r1_0.purchase_id,
        r1_0.RATING,
        pl1_0.route_id,
        r2_0.id,
        r2_0.MAX_NUMBER_USERS,
        r2_0.NAME,
        r2_0.PRICE,
        r2_0.TOTAL_KM,
        pl1_0.TOTAL_PRICE 
    from
        Purchase pl1_0 
    left join
        Review r1_0 
            on pl1_0.id=r1_0.purchase_id 
    left join
        Route r2_0 
            on r2_0.id=pl1_0.route_id 
    where
        pl1_0.user_id=?
Hibernate: 
    select
        s1_0.route_id,
        s1_1.id,
        s1_1.DESCRIPTION,
        s1_1.NAME 
    from
        ROUTE_STOP s1_0 
    join
        Stop s1_1 
            on s1_1.id=s1_0.stop_id 
    where
        s1_0.route_id=?
Hibernate: 
    select
        p1_0.id,
        p1_0.CODE,
        p1_0.DATE,
        p1_0.route_id,
        p1_0.TOTAL_PRICE,
        p1_0.user_id 
    from
        Purchase p1_0 
    join
        users u1_0 
            on u1_0.id=p1_0.user_id 
    where
        u1_0.username=?
]]></system-out>
  </testcase>
  <testcase name="getRoutesWithStopTest" classname="unlp.info.bd2.ToursQuerysTests" time="0.046">
    <system-out><![CDATA[Hibernate: 
    select
        s1_0.id,
        s1_0.DESCRIPTION,
        s1_0.NAME 
    from
        Stop s1_0 
    where
        s1_0.NAME like ? escape ''
Hibernate: 
    select
        s1_0.id,
        s1_0.DESCRIPTION,
        s1_0.NAME 
    from
        Stop s1_0 
    where
        s1_0.NAME like ? escape ''
Hibernate: 
    select
        s1_0.id,
        s1_0.DESCRIPTION,
        s1_0.NAME 
    from
        Stop s1_0 
    where
        s1_0.NAME like ? escape ''
Hibernate: 
    select
        r1_0.id,
        r1_0.MAX_NUMBER_USERS,
        r1_0.NAME,
        r1_0.PRICE,
        r1_0.TOTAL_KM 
    from
        Route r1_0 
    join
        ROUTE_STOP s1_0 
            on r1_0.id=s1_0.route_id 
    join
        Stop s1_1 
            on s1_1.id=s1_0.stop_id 
    where
        s1_1.id=?
Hibernate: 
    select
        s1_0.route_id,
        s1_1.id,
        s1_1.DESCRIPTION,
        s1_1.NAME 
    from
        ROUTE_STOP s1_0 
    join
        Stop s1_1 
            on s1_1.id=s1_0.stop_id 
    where
        s1_0.route_id=?
Hibernate: 
    select
        s1_0.route_id,
        s1_1.id,
        s1_1.DESCRIPTION,
        s1_1.NAME 
    from
        ROUTE_STOP s1_0 
    join
        Stop s1_1 
            on s1_1.id=s1_0.stop_id 
    where
        s1_0.route_id=?
Hibernate: 
    select
        r1_0.id,
        r1_0.MAX_NUMBER_USERS,
        r1_0.NAME,
        r1_0.PRICE,
        r1_0.TOTAL_KM 
    from
        Route r1_0 
    join
        ROUTE_STOP s1_0 
            on r1_0.id=s1_0.route_id 
    join
        Stop s1_1 
            on s1_1.id=s1_0.stop_id 
    where
        s1_1.id=?
Hibernate: 
    select
        s1_0.route_id,
        s1_1.id,
        s1_1.DESCRIPTION,
        s1_1.NAME 
    from
        ROUTE_STOP s1_0 
    join
        Stop s1_1 
            on s1_1.id=s1_0.stop_id 
    where
        s1_0.route_id=?
Hibernate: 
    select
        s1_0.route_id,
        s1_1.id,
        s1_1.DESCRIPTION,
        s1_1.NAME 
    from
        ROUTE_STOP s1_0 
    join
        Stop s1_1 
            on s1_1.id=s1_0.stop_id 
    where
        s1_0.route_id=?
Hibernate: 
    select
        r1_0.id,
        r1_0.MAX_NUMBER_USERS,
        r1_0.NAME,
        r1_0.PRICE,
        r1_0.TOTAL_KM 
    from
        Route r1_0 
    join
        ROUTE_STOP s1_0 
            on r1_0.id=s1_0.route_id 
    join
        Stop s1_1 
            on s1_1.id=s1_0.stop_id 
    where
        s1_1.id=?
]]></system-out>
  </testcase>
  <testcase name="getMaxStopOfRoutesTest" classname="unlp.info.bd2.ToursQuerysTests" time="0.023">
    <system-out><![CDATA[Hibernate: 
    select
        max((select
            count(1) 
        from
            ROUTE_STOP s1_0 
        where
            r1_0.id=s1_0.route_id)) 
    from
        Route r1_0
]]></system-out>
  </testcase>
  <testcase name="getTopNSuppliersInPurchasesTest" classname="unlp.info.bd2.ToursQuerysTests" time="0.019">
    <system-out><![CDATA[Hibernate: 
    select
        s2_0.id,
        s2_0.AUTHORIZATION_NUMBER,
        s2_0.BUSINESS_NAME 
    from
        ItemService is1_0 
    join
        Service s1_0 
            on s1_0.id=is1_0.service_id 
    join
        Supplier s2_0 
            on s2_0.id=s1_0.supplier_id 
    group by
        s2_0.id 
    order by
        count(is1_0.id) desc 
    limit
        ?
Hibernate: 
    select
        s2_0.id,
        s2_0.AUTHORIZATION_NUMBER,
        s2_0.BUSINESS_NAME 
    from
        ItemService is1_0 
    join
        Service s1_0 
            on s1_0.id=is1_0.service_id 
    join
        Supplier s2_0 
            on s2_0.id=s1_0.supplier_id 
    group by
        s2_0.id 
    order by
        count(is1_0.id) desc 
    limit
        ?
]]></system-out>
  </testcase>
  <testcase name="init" classname="unlp.info.bd2.ToursQuerysTests" time="0.003"/>
  <testcase name="getUserSpendingMoreThanTest" classname="unlp.info.bd2.ToursQuerysTests" time="0.026">
    <system-out><![CDATA[Hibernate: 
    select
        distinct u1_0.id,
        u1_0.user_type,
        u1_0.ACTIVE,
        u1_0.BIRTHDATE,
        u1_0.EMAIL,
        u1_0.NAME,
        u1_0.PASSWORD,
        u1_0.PHONE_NUMBER,
        u1_0.username,
        u1_0.EXPEDIENT,
        u1_0.EDUCATION 
    from
        users u1_0 
    join
        Purchase pl1_0 
            on u1_0.id=pl1_0.user_id 
    where
        pl1_0.TOTAL_PRICE>=?
Hibernate: 
    select
        pl1_0.user_id,
        pl1_0.id,
        pl1_0.CODE,
        pl1_0.DATE,
        r1_0.id,
        r1_0.COMMENT,
        r1_0.purchase_id,
        r1_0.RATING,
        pl1_0.route_id,
        r2_0.id,
        r2_0.MAX_NUMBER_USERS,
        r2_0.NAME,
        r2_0.PRICE,
        r2_0.TOTAL_KM,
        pl1_0.TOTAL_PRICE 
    from
        Purchase pl1_0 
    left join
        Review r1_0 
            on pl1_0.id=r1_0.purchase_id 
    left join
        Route r2_0 
            on r2_0.id=pl1_0.route_id 
    where
        pl1_0.user_id=?
Hibernate: 
    select
        s1_0.route_id,
        s1_1.id,
        s1_1.DESCRIPTION,
        s1_1.NAME 
    from
        ROUTE_STOP s1_0 
    join
        Stop s1_1 
            on s1_1.id=s1_0.stop_id 
    where
        s1_0.route_id=?
Hibernate: 
    select
        s1_0.route_id,
        s1_1.id,
        s1_1.DESCRIPTION,
        s1_1.NAME 
    from
        ROUTE_STOP s1_0 
    join
        Stop s1_1 
            on s1_1.id=s1_0.stop_id 
    where
        s1_0.route_id=?
Hibernate: 
    select
        pl1_0.user_id,
        pl1_0.id,
        pl1_0.CODE,
        pl1_0.DATE,
        r1_0.id,
        r1_0.COMMENT,
        r1_0.purchase_id,
        r1_0.RATING,
        pl1_0.route_id,
        r2_0.id,
        r2_0.MAX_NUMBER_USERS,
        r2_0.NAME,
        r2_0.PRICE,
        r2_0.TOTAL_KM,
        pl1_0.TOTAL_PRICE 
    from
        Purchase pl1_0 
    left join
        Review r1_0 
            on pl1_0.id=r1_0.purchase_id 
    left join
        Route r2_0 
            on r2_0.id=pl1_0.route_id 
    where
        pl1_0.user_id=?
Hibernate: 
    select
        s1_0.route_id,
        s1_1.id,
        s1_1.DESCRIPTION,
        s1_1.NAME 
    from
        ROUTE_STOP s1_0 
    join
        Stop s1_1 
            on s1_1.id=s1_0.stop_id 
    where
        s1_0.route_id=?
Hibernate: 
    select
        pl1_0.user_id,
        pl1_0.id,
        pl1_0.CODE,
        pl1_0.DATE,
        r1_0.id,
        r1_0.COMMENT,
        r1_0.purchase_id,
        r1_0.RATING,
        pl1_0.route_id,
        r2_0.id,
        r2_0.MAX_NUMBER_USERS,
        r2_0.NAME,
        r2_0.PRICE,
        r2_0.TOTAL_KM,
        pl1_0.TOTAL_PRICE 
    from
        Purchase pl1_0 
    left join
        Review r1_0 
            on pl1_0.id=r1_0.purchase_id 
    left join
        Route r2_0 
            on r2_0.id=pl1_0.route_id 
    where
        pl1_0.user_id=?
Hibernate: 
    select
        pl1_0.user_id,
        pl1_0.id,
        pl1_0.CODE,
        pl1_0.DATE,
        r1_0.id,
        r1_0.COMMENT,
        r1_0.purchase_id,
        r1_0.RATING,
        pl1_0.route_id,
        r2_0.id,
        r2_0.MAX_NUMBER_USERS,
        r2_0.NAME,
        r2_0.PRICE,
        r2_0.TOTAL_KM,
        pl1_0.TOTAL_PRICE 
    from
        Purchase pl1_0 
    left join
        Review r1_0 
            on pl1_0.id=r1_0.purchase_id 
    left join
        Route r2_0 
            on r2_0.id=pl1_0.route_id 
    where
        pl1_0.user_id=?
Hibernate: 
    select
        pl1_0.user_id,
        pl1_0.id,
        pl1_0.CODE,
        pl1_0.DATE,
        r1_0.id,
        r1_0.COMMENT,
        r1_0.purchase_id,
        r1_0.RATING,
        pl1_0.route_id,
        r2_0.id,
        r2_0.MAX_NUMBER_USERS,
        r2_0.NAME,
        r2_0.PRICE,
        r2_0.TOTAL_KM,
        pl1_0.TOTAL_PRICE 
    from
        Purchase pl1_0 
    left join
        Review r1_0 
            on pl1_0.id=r1_0.purchase_id 
    left join
        Route r2_0 
            on r2_0.id=pl1_0.route_id 
    where
        pl1_0.user_id=?
Hibernate: 
    select
        pl1_0.user_id,
        pl1_0.id,
        pl1_0.CODE,
        pl1_0.DATE,
        r1_0.id,
        r1_0.COMMENT,
        r1_0.purchase_id,
        r1_0.RATING,
        pl1_0.route_id,
        r2_0.id,
        r2_0.MAX_NUMBER_USERS,
        r2_0.NAME,
        r2_0.PRICE,
        r2_0.TOTAL_KM,
        pl1_0.TOTAL_PRICE 
    from
        Purchase pl1_0 
    left join
        Review r1_0 
            on pl1_0.id=r1_0.purchase_id 
    left join
        Route r2_0 
            on r2_0.id=pl1_0.route_id 
    where
        pl1_0.user_id=?
Hibernate: 
    select
        distinct u1_0.id,
        u1_0.user_type,
        u1_0.ACTIVE,
        u1_0.BIRTHDATE,
        u1_0.EMAIL,
        u1_0.NAME,
        u1_0.PASSWORD,
        u1_0.PHONE_NUMBER,
        u1_0.username,
        u1_0.EXPEDIENT,
        u1_0.EDUCATION 
    from
        users u1_0 
    join
        Purchase pl1_0 
            on u1_0.id=pl1_0.user_id 
    where
        pl1_0.TOTAL_PRICE>=?
Hibernate: 
    select
        distinct u1_0.id,
        u1_0.user_type,
        u1_0.ACTIVE,
        u1_0.BIRTHDATE,
        u1_0.EMAIL,
        u1_0.NAME,
        u1_0.PASSWORD,
        u1_0.PHONE_NUMBER,
        u1_0.username,
        u1_0.EXPEDIENT,
        u1_0.EDUCATION 
    from
        users u1_0 
    join
        Purchase pl1_0 
            on u1_0.id=pl1_0.user_id 
    where
        pl1_0.TOTAL_PRICE>=?
]]></system-out>
  </testcase>
  <testcase name="getMostDemandedServiceTest" classname="unlp.info.bd2.ToursQuerysTests" time="0.012">
    <system-out><![CDATA[Hibernate: 
    select
        s1_0.id,
        s1_0.DESCRIPTION,
        s1_0.NAME,
        s1_0.PRICE,
        s1_0.supplier_id 
    from
        ItemService is1_0 
    join
        Service s1_0 
            on s1_0.id=is1_0.service_id 
    group by
        s1_0.id 
    order by
        sum(is1_0.QUANTITY) desc 
    limit
        ?
]]></system-out>
  </testcase>
  <testcase name="getTourGuidesWithRating1Test" classname="unlp.info.bd2.ToursQuerysTests" time="0.023">
    <system-out><![CDATA[Hibernate: 
    select
        distinct tgu1_0.id,
        tgu1_0.ACTIVE,
        tgu1_0.BIRTHDATE,
        tgu1_0.EMAIL,
        tgu1_0.NAME,
        tgu1_0.PASSWORD,
        tgu1_0.PHONE_NUMBER,
        tgu1_0.username,
        tgu1_0.EDUCATION 
    from
        users tgu1_0 
    join
        ROUTE_TOUR_GUIDE r1_0 
            on tgu1_0.id=r1_0.tour_guide_id 
    join
        Route r1_1 
            on r1_1.id=r1_0.route_id, Purchase p1_0 
    join
        Review r3_0 
            on p1_0.id=r3_0.purchase_id 
    where
        p1_0.route_id=r1_1.id 
        and r3_0.RATING=1 
        and tgu1_0.user_type='GUIDE'
Hibernate: 
    select
        r1_0.tour_guide_id,
        r1_1.id,
        r1_1.MAX_NUMBER_USERS,
        r1_1.NAME,
        r1_1.PRICE,
        r1_1.TOTAL_KM 
    from
        ROUTE_TOUR_GUIDE r1_0 
    join
        Route r1_1 
            on r1_1.id=r1_0.route_id 
    where
        r1_0.tour_guide_id=?
Hibernate: 
    select
        s1_0.route_id,
        s1_1.id,
        s1_1.DESCRIPTION,
        s1_1.NAME 
    from
        ROUTE_STOP s1_0 
    join
        Stop s1_1 
            on s1_1.id=s1_0.stop_id 
    where
        s1_0.route_id=?
Hibernate: 
    select
        s1_0.route_id,
        s1_1.id,
        s1_1.DESCRIPTION,
        s1_1.NAME 
    from
        ROUTE_STOP s1_0 
    join
        Stop s1_1 
            on s1_1.id=s1_0.stop_id 
    where
        s1_0.route_id=?
Hibernate: 
    select
        pl1_0.user_id,
        pl1_0.id,
        pl1_0.CODE,
        pl1_0.DATE,
        r1_0.id,
        r1_0.COMMENT,
        r1_0.purchase_id,
        r1_0.RATING,
        pl1_0.route_id,
        r2_0.id,
        r2_0.MAX_NUMBER_USERS,
        r2_0.NAME,
        r2_0.PRICE,
        r2_0.TOTAL_KM,
        pl1_0.TOTAL_PRICE 
    from
        Purchase pl1_0 
    left join
        Review r1_0 
            on pl1_0.id=r1_0.purchase_id 
    left join
        Route r2_0 
            on r2_0.id=pl1_0.route_id 
    where
        pl1_0.user_id=?
Hibernate: 
    select
        r1_0.tour_guide_id,
        r1_1.id,
        r1_1.MAX_NUMBER_USERS,
        r1_1.NAME,
        r1_1.PRICE,
        r1_1.TOTAL_KM 
    from
        ROUTE_TOUR_GUIDE r1_0 
    join
        Route r1_1 
            on r1_1.id=r1_0.route_id 
    where
        r1_0.tour_guide_id=?
Hibernate: 
    select
        s1_0.route_id,
        s1_1.id,
        s1_1.DESCRIPTION,
        s1_1.NAME 
    from
        ROUTE_STOP s1_0 
    join
        Stop s1_1 
            on s1_1.id=s1_0.stop_id 
    where
        s1_0.route_id=?
Hibernate: 
    select
        pl1_0.user_id,
        pl1_0.id,
        pl1_0.CODE,
        pl1_0.DATE,
        r1_0.id,
        r1_0.COMMENT,
        r1_0.purchase_id,
        r1_0.RATING,
        pl1_0.route_id,
        r2_0.id,
        r2_0.MAX_NUMBER_USERS,
        r2_0.NAME,
        r2_0.PRICE,
        r2_0.TOTAL_KM,
        pl1_0.TOTAL_PRICE 
    from
        Purchase pl1_0 
    left join
        Review r1_0 
            on pl1_0.id=r1_0.purchase_id 
    left join
        Route r2_0 
            on r2_0.id=pl1_0.route_id 
    where
        pl1_0.user_id=?
Hibernate: 
    select
        r1_0.tour_guide_id,
        r1_1.id,
        r1_1.MAX_NUMBER_USERS,
        r1_1.NAME,
        r1_1.PRICE,
        r1_1.TOTAL_KM 
    from
        ROUTE_TOUR_GUIDE r1_0 
    join
        Route r1_1 
            on r1_1.id=r1_0.route_id 
    where
        r1_0.tour_guide_id=?
Hibernate: 
    select
        s1_0.route_id,
        s1_1.id,
        s1_1.DESCRIPTION,
        s1_1.NAME 
    from
        ROUTE_STOP s1_0 
    join
        Stop s1_1 
            on s1_1.id=s1_0.stop_id 
    where
        s1_0.route_id=?
Hibernate: 
    select
        pl1_0.user_id,
        pl1_0.id,
        pl1_0.CODE,
        pl1_0.DATE,
        r1_0.id,
        r1_0.COMMENT,
        r1_0.purchase_id,
        r1_0.RATING,
        pl1_0.route_id,
        r2_0.id,
        r2_0.MAX_NUMBER_USERS,
        r2_0.NAME,
        r2_0.PRICE,
        r2_0.TOTAL_KM,
        pl1_0.TOTAL_PRICE 
    from
        Purchase pl1_0 
    left join
        Review r1_0 
            on pl1_0.id=r1_0.purchase_id 
    left join
        Route r2_0 
            on r2_0.id=pl1_0.route_id 
    where
        pl1_0.user_id=?
]]></system-out>
  </testcase>
  <testcase name="getTop3RoutesWithMaxRatingTest" classname="unlp.info.bd2.ToursQuerysTests" time="0.018">
    <system-out><![CDATA[Hibernate: 
    select
        r1_0.id,
        r1_0.MAX_NUMBER_USERS,
        r1_0.NAME,
        r1_0.PRICE,
        r1_0.TOTAL_KM 
    from
        Purchase p1_0 
    join
        Route r1_0 
            on r1_0.id=p1_0.route_id 
    join
        Review r2_0 
            on p1_0.id=r2_0.purchase_id 
    where
        r2_0.id is not null 
    group by
        r1_0.id 
    order by
        avg(r2_0.RATING) desc 
    limit
        ?
Hibernate: 
    select
        s1_0.route_id,
        s1_1.id,
        s1_1.DESCRIPTION,
        s1_1.NAME 
    from
        ROUTE_STOP s1_0 
    join
        Stop s1_1 
            on s1_1.id=s1_0.stop_id 
    where
        s1_0.route_id=?
Hibernate: 
    select
        s1_0.route_id,
        s1_1.id,
        s1_1.DESCRIPTION,
        s1_1.NAME 
    from
        ROUTE_STOP s1_0 
    join
        Stop s1_1 
            on s1_1.id=s1_0.stop_id 
    where
        s1_0.route_id=?
Hibernate: 
    select
        s1_0.route_id,
        s1_1.id,
        s1_1.DESCRIPTION,
        s1_1.NAME 
    from
        ROUTE_STOP s1_0 
    join
        Stop s1_1 
            on s1_1.id=s1_0.stop_id 
    where
        s1_0.route_id=?
]]></system-out>
  </testcase>
  <testcase name="getCountOfPurchasesBetweenDatesTest" classname="unlp.info.bd2.ToursQuerysTests" time="0.021">
    <system-out><![CDATA[Hibernate: 
    select
        count(p1_0.id) 
    from
        Purchase p1_0 
    where
        p1_0.DATE between ? and ?
Hibernate: 
    select
        count(p1_0.id) 
    from
        Purchase p1_0 
    where
        p1_0.DATE between ? and ?
Hibernate: 
    select
        count(p1_0.id) 
    from
        Purchase p1_0 
    where
        p1_0.DATE between ? and ?
]]></system-out>
  </testcase>
</testsuite>